https://s3-us-gov-west-1.amazonaws.com/cg-d3f0433b-a53e-4934-8b94-c678aa2cbaf3/1991/AL-1991.zip,Unprocessed
https://s3-us-gov-west-1.amazonaws.com/cg-d3f0433b-a53e-4934-8b94-c678aa2cbaf3/1992/AL-1992.zip,Unprocessed
https://s3-us-gov-west-1.amazonaws.com/cg-d3f0433b-a53e-4934-8b94-c678aa2cbaf3/2006/AL-2006.zip,Unprocessed
https://s3-us-gov-west-1.amazonaws.com/cg-d3f0433b-a53e-4934-8b94-c678aa2cbaf3/2007/AL-2007.zip,Unprocessed
https://s3-us-gov-west-1.amazonaws.com/cg-d3f0433b-a53e-4934-8b94-c678aa2cbaf3/2008/AL-2008.zip,Unprocessed
https://s3-us-gov-west-1.amazonaws.com/cg-d3f0433b-a53e-4934-8b94-c678aa2cbaf3/2009/AL-2009.zip,Unprocessed
https://s3-us-gov-west-1.amazonaws.com/cg-d3f0433b-a53e-4934-8b94-c678aa2cbaf3/2010/AL-2010.zip,Unprocessed
https://s3-us-gov-west-1.amazonaws.com/cg-d3f0433b-a53e-4934-8b94-c678aa2cbaf3/2011/AL-2011.zip,Unprocessed
https://s3-us-gov-west-1.amazonaws.com/cg-d3f0433b-a53e-4934-8b94-c678aa2cbaf3/2012/AL-2012.zip,Unprocessed
https://s3-us-gov-west-1.amazonaws.com/cg-d3f0433b-a53e-4934-8b94-c678aa2cbaf3/2013/AL-2013.zip,Unprocessed
https://s3-us-gov-west-1.amazonaws.com/cg-d3f0433b-a53e-4934-8b94-c678aa2cbaf3/2014/AL-2014.zip,Unprocessed
https://s3-us-gov-west-1.amazonaws.com/cg-d3f0433b-a53e-4934-8b94-c678aa2cbaf3/2015/AL-2015.zip,Unprocessed
https://s3-us-gov-west-1.amazonaws.com/cg-d3f0433b-a53e-4934-8b94-c678aa2cbaf3/2016/AL-2016.zip,Unprocessed
https://s3-us-gov-west-1.amazonaws.com/cg-d4b776d0-d898-4153-90c8-8336f86bdfec/2016/AL-2016.zip,Unprocessed
https://s3-us-gov-west-1.amazonaws.com/cg-d4b776d0-d898-4153-90c8-8336f86bdfec/2017/AL-2017.zip,Unprocessed
https://s3-us-gov-west-1.amazonaws.com/cg-d4b776d0-d898-4153-90c8-8336f86bdfec/2018/AL-2018.zip,Unprocessed
https://s3-us-gov-west-1.amazonaws.com/cg-d4b776d0-d898-4153-90c8-8336f86bdfec/2019/AL-2019.zip,Unprocessed
https://s3-us-gov-west-1.amazonaws.com/cg-d3f0433b-a53e-4934-8b94-c678aa2cbaf3/2004/AZ-2004.zip,Unprocessed
https://s3-us-gov-west-1.amazonaws.com/cg-d3f0433b-a53e-4934-8b94-c678aa2cbaf3/2005/AZ-2005.zip,Unprocessed
https://s3-us-gov-west-1.amazonaws.com/cg-d3f0433b-a53e-4934-8b94-c678aa2cbaf3/2006/AZ-2006.zip,Unprocessed
https://s3-us-gov-west-1.amazonaws.com/cg-d3f0433b-a53e-4934-8b94-c678aa2cbaf3/2007/AZ-2007.zip,Unprocessed
https://s3-us-gov-west-1.amazonaws.com/cg-d3f0433b-a53e-4934-8b94-c678aa2cbaf3/2008/AZ-2008.zip,Unprocessed
https://s3-us-gov-west-1.amazonaws.com/cg-d3f0433b-a53e-4934-8b94-c678aa2cbaf3/2009/AZ-2009.zip,Unprocessed
https://s3-us-gov-west-1.amazonaws.com/cg-d3f0433b-a53e-4934-8b94-c678aa2cbaf3/2010/AZ-2010.zip,Unprocessed
https://s3-us-gov-west-1.amazonaws.com/cg-d3f0433b-a53e-4934-8b94-c678aa2cbaf3/2011/AZ-2011.zip,Unprocessed
https://s3-us-gov-west-1.amazonaws.com/cg-d3f0433b-a53e-4934-8b94-c678aa2cbaf3/2012/AZ-2012.zip,Unprocessed
https://s3-us-gov-west-1.amazonaws.com/cg-d3f0433b-a53e-4934-8b94-c678aa2cbaf3/2013/AZ-2013.zip,Unprocessed
https://s3-us-gov-west-1.amazonaws.com/cg-d3f0433b-a53e-4934-8b94-c678aa2cbaf3/2014/AZ-2014.zip,Unprocessed
https://s3-us-gov-west-1.amazonaws.com/cg-d3f0433b-a53e-4934-8b94-c678aa2cbaf3/2015/AZ-2015.zip,Unprocessed
https://s3-us-gov-west-1.amazonaws.com/cg-d3f0433b-a53e-4934-8b94-c678aa2cbaf3/2016/AZ-2016.zip,Unprocessed
https://s3-us-gov-west-1.amazonaws.com/cg-d4b776d0-d898-4153-90c8-8336f86bdfec/2016/AZ-2016.zip,Unprocessed
https://s3-us-gov-west-1.amazonaws.com/cg-d4b776d0-d898-4153-90c8-8336f86bdfec/2017/AZ-2017.zip,Unprocessed
https://s3-us-gov-west-1.amazonaws.com/cg-d4b776d0-d898-4153-90c8-8336f86bdfec/2018/AZ-2018.zip,Unprocessed
https://s3-us-gov-west-1.amazonaws.com/cg-d4b776d0-d898-4153-90c8-8336f86bdfec/2019/AZ-2019.zip,Unprocessed
https://s3-us-gov-west-1.amazonaws.com/cg-d3f0433b-a53e-4934-8b94-c678aa2cbaf3/1999/AR-1999.zip,Unprocessed
https://s3-us-gov-west-1.amazonaws.com/cg-d3f0433b-a53e-4934-8b94-c678aa2cbaf3/2000/AR-2000.zip,Unprocessed
https://s3-us-gov-west-1.amazonaws.com/cg-d3f0433b-a53e-4934-8b94-c678aa2cbaf3/2001/AR-2001.zip,Unprocessed
https://s3-us-gov-west-1.amazonaws.com/cg-d3f0433b-a53e-4934-8b94-c678aa2cbaf3/2002/AR-2002.zip,Unprocessed
https://s3-us-gov-west-1.amazonaws.com/cg-d3f0433b-a53e-4934-8b94-c678aa2cbaf3/2003/AR-2003.zip,Unprocessed
https://s3-us-gov-west-1.amazonaws.com/cg-d3f0433b-a53e-4934-8b94-c678aa2cbaf3/2004/AR-2004.zip,Unprocessed
https://s3-us-gov-west-1.amazonaws.com/cg-d3f0433b-a53e-4934-8b94-c678aa2cbaf3/2005/AR-2005.zip,Unprocessed
https://s3-us-gov-west-1.amazonaws.com/cg-d3f0433b-a53e-4934-8b94-c678aa2cbaf3/2006/AR-2006.zip,Unprocessed
https://s3-us-gov-west-1.amazonaws.com/cg-d3f0433b-a53e-4934-8b94-c678aa2cbaf3/2007/AR-2007.zip,Unprocessed
https://s3-us-gov-west-1.amazonaws.com/cg-d3f0433b-a53e-4934-8b94-c678aa2cbaf3/2008/AR-2008.zip,Unprocessed
https://s3-us-gov-west-1.amazonaws.com/cg-d3f0433b-a53e-4934-8b94-c678aa2cbaf3/2009/AR-2009.zip,Unprocessed
https://s3-us-gov-west-1.amazonaws.com/cg-d3f0433b-a53e-4934-8b94-c678aa2cbaf3/2010/AR-2010.zip,Unprocessed
https://s3-us-gov-west-1.amazonaws.com/cg-d3f0433b-a53e-4934-8b94-c678aa2cbaf3/2011/AR-2011.zip,Unprocessed
https://s3-us-gov-west-1.amazonaws.com/cg-d3f0433b-a53e-4934-8b94-c678aa2cbaf3/2012/AR-2012.zip,Unprocessed
https://s3-us-gov-west-1.amazonaws.com/cg-d3f0433b-a53e-4934-8b94-c678aa2cbaf3/2013/AR-2013.zip,Unprocessed
https://s3-us-gov-west-1.amazonaws.com/cg-d3f0433b-a53e-4934-8b94-c678aa2cbaf3/2014/AR-2014.zip,Unprocessed
https://s3-us-gov-west-1.amazonaws.com/cg-d3f0433b-a53e-4934-8b94-c678aa2cbaf3/2015/AR-2015.zip,Unprocessed
https://s3-us-gov-west-1.amazonaws.com/cg-d3f0433b-a53e-4934-8b94-c678aa2cbaf3/2016/AR-2016.zip,Unprocessed
https://s3-us-gov-west-1.amazonaws.com/cg-d4b776d0-d898-4153-90c8-8336f86bdfec/2016/AR-2016.zip,Unprocessed
https://s3-us-gov-west-1.amazonaws.com/cg-d4b776d0-d898-4153-90c8-8336f86bdfec/2017/AR-2017.zip,Unprocessed
https://s3-us-gov-west-1.amazonaws.com/cg-d4b776d0-d898-4153-90c8-8336f86bdfec/2018/AR-2018.zip,Unprocessed
https://s3-us-gov-west-1.amazonaws.com/cg-d4b776d0-d898-4153-90c8-8336f86bdfec/2019/AR-2019.zip,Unprocessed
https://s3-us-gov-west-1.amazonaws.com/cg-d3f0433b-a53e-4934-8b94-c678aa2cbaf3/1992/CO-1992.zip,Unprocessed
https://s3-us-gov-west-1.amazonaws.com/cg-d3f0433b-a53e-4934-8b94-c678aa2cbaf3/1993/CO-1993.zip,Unprocessed
https://s3-us-gov-west-1.amazonaws.com/cg-d3f0433b-a53e-4934-8b94-c678aa2cbaf3/1994/CO-1994.zip,Unprocessed
https://s3-us-gov-west-1.amazonaws.com/cg-d3f0433b-a53e-4934-8b94-c678aa2cbaf3/1997/CO-1997.zip,Unprocessed
https://s3-us-gov-west-1.amazonaws.com/cg-d3f0433b-a53e-4934-8b94-c678aa2cbaf3/1998/CO-1998.zip,Unprocessed
https://s3-us-gov-west-1.amazonaws.com/cg-d3f0433b-a53e-4934-8b94-c678aa2cbaf3/1999/CO-1999.zip,Unprocessed
https://s3-us-gov-west-1.amazonaws.com/cg-d3f0433b-a53e-4934-8b94-c678aa2cbaf3/2000/CO-2000.zip,Unprocessed
https://s3-us-gov-west-1.amazonaws.com/cg-d3f0433b-a53e-4934-8b94-c678aa2cbaf3/2001/CO-2001.zip,Unprocessed
https://s3-us-gov-west-1.amazonaws.com/cg-d3f0433b-a53e-4934-8b94-c678aa2cbaf3/2002/CO-2002.zip,Unprocessed
https://s3-us-gov-west-1.amazonaws.com/cg-d3f0433b-a53e-4934-8b94-c678aa2cbaf3/2003/CO-2003.zip,Unprocessed
https://s3-us-gov-west-1.amazonaws.com/cg-d3f0433b-a53e-4934-8b94-c678aa2cbaf3/2004/CO-2004.zip,Unprocessed
https://s3-us-gov-west-1.amazonaws.com/cg-d3f0433b-a53e-4934-8b94-c678aa2cbaf3/2005/CO-2005.zip,Unprocessed
https://s3-us-gov-west-1.amazonaws.com/cg-d3f0433b-a53e-4934-8b94-c678aa2cbaf3/2006/CO-2006.zip,Unprocessed
https://s3-us-gov-west-1.amazonaws.com/cg-d3f0433b-a53e-4934-8b94-c678aa2cbaf3/2007/CO-2007.zip,Unprocessed
https://s3-us-gov-west-1.amazonaws.com/cg-d3f0433b-a53e-4934-8b94-c678aa2cbaf3/2008/CO-2008.zip,Unprocessed
https://s3-us-gov-west-1.amazonaws.com/cg-d3f0433b-a53e-4934-8b94-c678aa2cbaf3/2009/CO-2009.zip,Unprocessed
https://s3-us-gov-west-1.amazonaws.com/cg-d3f0433b-a53e-4934-8b94-c678aa2cbaf3/2010/CO-2010.zip,Unprocessed
https://s3-us-gov-west-1.amazonaws.com/cg-d3f0433b-a53e-4934-8b94-c678aa2cbaf3/2011/CO-2011.zip,Unprocessed
https://s3-us-gov-west-1.amazonaws.com/cg-d3f0433b-a53e-4934-8b94-c678aa2cbaf3/2012/CO-2012.zip,Unprocessed
https://s3-us-gov-west-1.amazonaws.com/cg-d3f0433b-a53e-4934-8b94-c678aa2cbaf3/2013/CO-2013.zip,Unprocessed
https://s3-us-gov-west-1.amazonaws.com/cg-d3f0433b-a53e-4934-8b94-c678aa2cbaf3/2014/CO-2014.zip,Unprocessed
https://s3-us-gov-west-1.amazonaws.com/cg-d3f0433b-a53e-4934-8b94-c678aa2cbaf3/2015/CO-2015.zip,Unprocessed
https://s3-us-gov-west-1.amazonaws.com/cg-d3f0433b-a53e-4934-8b94-c678aa2cbaf3/2016/CO-2016.zip,Unprocessed
https://s3-us-gov-west-1.amazonaws.com/cg-d4b776d0-d898-4153-90c8-8336f86bdfec/2016/CO-2016.zip,Unprocessed
https://s3-us-gov-west-1.amazonaws.com/cg-d4b776d0-d898-4153-90c8-8336f86bdfec/2017/CO-2017.zip,Unprocessed
https://s3-us-gov-west-1.amazonaws.com/cg-d4b776d0-d898-4153-90c8-8336f86bdfec/2018/CO-2018.zip,Unprocessed
https://s3-us-gov-west-1.amazonaws.com/cg-d4b776d0-d898-4153-90c8-8336f86bdfec/2019/CO-2019.zip,Unprocessed
https://s3-us-gov-west-1.amazonaws.com/cg-d3f0433b-a53e-4934-8b94-c678aa2cbaf3/1998/CT-1998.zip,Unprocessed
https://s3-us-gov-west-1.amazonaws.com/cg-d3f0433b-a53e-4934-8b94-c678aa2cbaf3/1999/CT-1999.zip,Unprocessed
https://s3-us-gov-west-1.amazonaws.com/cg-d3f0433b-a53e-4934-8b94-c678aa2cbaf3/2000/CT-2000.zip,Unprocessed
https://s3-us-gov-west-1.amazonaws.com/cg-d3f0433b-a53e-4934-8b94-c678aa2cbaf3/2001/CT-2001.zip,Unprocessed
https://s3-us-gov-west-1.amazonaws.com/cg-d3f0433b-a53e-4934-8b94-c678aa2cbaf3/2002/CT-2002.zip,Unprocessed
https://s3-us-gov-west-1.amazonaws.com/cg-d3f0433b-a53e-4934-8b94-c678aa2cbaf3/2003/CT-2003.zip,Unprocessed
https://s3-us-gov-west-1.amazonaws.com/cg-d3f0433b-a53e-4934-8b94-c678aa2cbaf3/2004/CT-2004.zip,Unprocessed
https://s3-us-gov-west-1.amazonaws.com/cg-d3f0433b-a53e-4934-8b94-c678aa2cbaf3/2005/CT-2005.zip,Unprocessed
https://s3-us-gov-west-1.amazonaws.com/cg-d3f0433b-a53e-4934-8b94-c678aa2cbaf3/2006/CT-2006.zip,Unprocessed
https://s3-us-gov-west-1.amazonaws.com/cg-d3f0433b-a53e-4934-8b94-c678aa2cbaf3/2007/CT-2007.zip,Unprocessed
https://s3-us-gov-west-1.amazonaws.com/cg-d3f0433b-a53e-4934-8b94-c678aa2cbaf3/2008/CT-2008.zip,Unprocessed
https://s3-us-gov-west-1.amazonaws.com/cg-d3f0433b-a53e-4934-8b94-c678aa2cbaf3/2009/CT-2009.zip,Unprocessed
https://s3-us-gov-west-1.amazonaws.com/cg-d3f0433b-a53e-4934-8b94-c678aa2cbaf3/2010/CT-2010.zip,Unprocessed
https://s3-us-gov-west-1.amazonaws.com/cg-d3f0433b-a53e-4934-8b94-c678aa2cbaf3/2011/CT-2011.zip,Unprocessed
https://s3-us-gov-west-1.amazonaws.com/cg-d3f0433b-a53e-4934-8b94-c678aa2cbaf3/2012/CT-2012.zip,Unprocessed
https://s3-us-gov-west-1.amazonaws.com/cg-d3f0433b-a53e-4934-8b94-c678aa2cbaf3/2013/CT-2013.zip,Unprocessed
https://s3-us-gov-west-1.amazonaws.com/cg-d3f0433b-a53e-4934-8b94-c678aa2cbaf3/2014/CT-2014.zip,Unprocessed
https://s3-us-gov-west-1.amazonaws.com/cg-d3f0433b-a53e-4934-8b94-c678aa2cbaf3/2015/CT-2015.zip,Unprocessed
https://s3-us-gov-west-1.amazonaws.com/cg-d3f0433b-a53e-4934-8b94-c678aa2cbaf3/2016/CT-2016.zip,Unprocessed
https://s3-us-gov-west-1.amazonaws.com/cg-d4b776d0-d898-4153-90c8-8336f86bdfec/2016/CT-2016.zip,Unprocessed
https://s3-us-gov-west-1.amazonaws.com/cg-d4b776d0-d898-4153-90c8-8336f86bdfec/2017/CT-2017.zip,Unprocessed
https://s3-us-gov-west-1.amazonaws.com/cg-d4b776d0-d898-4153-90c8-8336f86bdfec/2018/CT-2018.zip,Unprocessed
https://s3-us-gov-west-1.amazonaws.com/cg-d4b776d0-d898-4153-90c8-8336f86bdfec/2019/CT-2019.zip,Unprocessed
https://s3-us-gov-west-1.amazonaws.com/cg-d3f0433b-a53e-4934-8b94-c678aa2cbaf3/2001/DE-2001.zip,Unprocessed
https://s3-us-gov-west-1.amazonaws.com/cg-d3f0433b-a53e-4934-8b94-c678aa2cbaf3/2002/DE-2002.zip,Unprocessed
https://s3-us-gov-west-1.amazonaws.com/cg-d3f0433b-a53e-4934-8b94-c678aa2cbaf3/2003/DE-2003.zip,Unprocessed
https://s3-us-gov-west-1.amazonaws.com/cg-d3f0433b-a53e-4934-8b94-c678aa2cbaf3/2004/DE-2004.zip,Unprocessed
https://s3-us-gov-west-1.amazonaws.com/cg-d3f0433b-a53e-4934-8b94-c678aa2cbaf3/2005/DE-2005.zip,Unprocessed
https://s3-us-gov-west-1.amazonaws.com/cg-d3f0433b-a53e-4934-8b94-c678aa2cbaf3/2006/DE-2006.zip,Unprocessed
https://s3-us-gov-west-1.amazonaws.com/cg-d3f0433b-a53e-4934-8b94-c678aa2cbaf3/2007/DE-2007.zip,Unprocessed
https://s3-us-gov-west-1.amazonaws.com/cg-d3f0433b-a53e-4934-8b94-c678aa2cbaf3/2008/DE-2008.zip,Unprocessed
https://s3-us-gov-west-1.amazonaws.com/cg-d3f0433b-a53e-4934-8b94-c678aa2cbaf3/2009/DE-2009.zip,Unprocessed
https://s3-us-gov-west-1.amazonaws.com/cg-d3f0433b-a53e-4934-8b94-c678aa2cbaf3/2010/DE-2010.zip,Unprocessed
https://s3-us-gov-west-1.amazonaws.com/cg-d3f0433b-a53e-4934-8b94-c678aa2cbaf3/2011/DE-2011.zip,Unprocessed
https://s3-us-gov-west-1.amazonaws.com/cg-d3f0433b-a53e-4934-8b94-c678aa2cbaf3/2012/DE-2012.zip,Unprocessed
https://s3-us-gov-west-1.amazonaws.com/cg-d3f0433b-a53e-4934-8b94-c678aa2cbaf3/2013/DE-2013.zip,Unprocessed
https://s3-us-gov-west-1.amazonaws.com/cg-d3f0433b-a53e-4934-8b94-c678aa2cbaf3/2014/DE-2014.zip,Unprocessed
https://s3-us-gov-west-1.amazonaws.com/cg-d3f0433b-a53e-4934-8b94-c678aa2cbaf3/2015/DE-2015.zip,Unprocessed
https://s3-us-gov-west-1.amazonaws.com/cg-d3f0433b-a53e-4934-8b94-c678aa2cbaf3/2016/DE-2016.zip,Unprocessed
https://s3-us-gov-west-1.amazonaws.com/cg-d4b776d0-d898-4153-90c8-8336f86bdfec/2016/DE-2016.zip,Unprocessed
https://s3-us-gov-west-1.amazonaws.com/cg-d4b776d0-d898-4153-90c8-8336f86bdfec/2017/DE-2017.zip,Unprocessed
https://s3-us-gov-west-1.amazonaws.com/cg-d4b776d0-d898-4153-90c8-8336f86bdfec/2018/DE-2018.zip,Unprocessed
https://s3-us-gov-west-1.amazonaws.com/cg-d4b776d0-d898-4153-90c8-8336f86bdfec/2019/DE-2019.zip,Unprocessed
https://s3-us-gov-west-1.amazonaws.com/cg-d3f0433b-a53e-4934-8b94-c678aa2cbaf3/2000/DC-2000.zip,Unprocessed
https://s3-us-gov-west-1.amazonaws.com/cg-d3f0433b-a53e-4934-8b94-c678aa2cbaf3/2001/DC-2001.zip,Unprocessed
https://s3-us-gov-west-1.amazonaws.com/cg-d3f0433b-a53e-4934-8b94-c678aa2cbaf3/2002/DC-2002.zip,Unprocessed
https://s3-us-gov-west-1.amazonaws.com/cg-d3f0433b-a53e-4934-8b94-c678aa2cbaf3/2003/DC-2003.zip,Unprocessed
https://s3-us-gov-west-1.amazonaws.com/cg-d3f0433b-a53e-4934-8b94-c678aa2cbaf3/2004/DC-2004.zip,Unprocessed
https://s3-us-gov-west-1.amazonaws.com/cg-d3f0433b-a53e-4934-8b94-c678aa2cbaf3/2005/DC-2005.zip,Unprocessed
https://s3-us-gov-west-1.amazonaws.com/cg-d3f0433b-a53e-4934-8b94-c678aa2cbaf3/2006/DC-2006.zip,Unprocessed
https://s3-us-gov-west-1.amazonaws.com/cg-d3f0433b-a53e-4934-8b94-c678aa2cbaf3/2007/DC-2007.zip,Unprocessed
https://s3-us-gov-west-1.amazonaws.com/cg-d3f0433b-a53e-4934-8b94-c678aa2cbaf3/2008/DC-2008.zip,Unprocessed
https://s3-us-gov-west-1.amazonaws.com/cg-d3f0433b-a53e-4934-8b94-c678aa2cbaf3/2009/DC-2009.zip,Unprocessed
https://s3-us-gov-west-1.amazonaws.com/cg-d3f0433b-a53e-4934-8b94-c678aa2cbaf3/2010/DC-2010.zip,Unprocessed
https://s3-us-gov-west-1.amazonaws.com/cg-d3f0433b-a53e-4934-8b94-c678aa2cbaf3/2011/DC-2011.zip,Unprocessed
https://s3-us-gov-west-1.amazonaws.com/cg-d3f0433b-a53e-4934-8b94-c678aa2cbaf3/2012/DC-2012.zip,Unprocessed
https://s3-us-gov-west-1.amazonaws.com/cg-d3f0433b-a53e-4934-8b94-c678aa2cbaf3/2013/DC-2013.zip,Unprocessed
https://s3-us-gov-west-1.amazonaws.com/cg-d3f0433b-a53e-4934-8b94-c678aa2cbaf3/2014/DC-2014.zip,Unprocessed
https://s3-us-gov-west-1.amazonaws.com/cg-d3f0433b-a53e-4934-8b94-c678aa2cbaf3/2015/DC-2015.zip,Unprocessed
https://s3-us-gov-west-1.amazonaws.com/cg-d3f0433b-a53e-4934-8b94-c678aa2cbaf3/2016/DC-2016.zip,Unprocessed
https://s3-us-gov-west-1.amazonaws.com/cg-d4b776d0-d898-4153-90c8-8336f86bdfec/2016/DC-2016.zip,Unprocessed
https://s3-us-gov-west-1.amazonaws.com/cg-d4b776d0-d898-4153-90c8-8336f86bdfec/2017/DC-2017.zip,Unprocessed
https://s3-us-gov-west-1.amazonaws.com/cg-d4b776d0-d898-4153-90c8-8336f86bdfec/2018/DC-2018.zip,Unprocessed
https://s3-us-gov-west-1.amazonaws.com/cg-d4b776d0-d898-4153-90c8-8336f86bdfec/2019/DC-2019.zip,Unprocessed
https://s3-us-gov-west-1.amazonaws.com/cg-d4b776d0-d898-4153-90c8-8336f86bdfec/2018/GA-2018.zip,Unprocessed
https://s3-us-gov-west-1.amazonaws.com/cg-d4b776d0-d898-4153-90c8-8336f86bdfec/2019/GA-2019.zip,Unprocessed
https://s3-us-gov-west-1.amazonaws.com/cg-d4b776d0-d898-4153-90c8-8336f86bdfec/2018/HI-2018.zip,Unprocessed
https://s3-us-gov-west-1.amazonaws.com/cg-d4b776d0-d898-4153-90c8-8336f86bdfec/2019/HI-2019.zip,Unprocessed
https://s3-us-gov-west-1.amazonaws.com/cg-d3f0433b-a53e-4934-8b94-c678aa2cbaf3/1992/ID-1992.zip,Unprocessed
https://s3-us-gov-west-1.amazonaws.com/cg-d3f0433b-a53e-4934-8b94-c678aa2cbaf3/1993/ID-1993.zip,Unprocessed
https://s3-us-gov-west-1.amazonaws.com/cg-d3f0433b-a53e-4934-8b94-c678aa2cbaf3/1994/ID-1994.zip,Unprocessed
https://s3-us-gov-west-1.amazonaws.com/cg-d3f0433b-a53e-4934-8b94-c678aa2cbaf3/1995/ID-1995.zip,Unprocessed
https://s3-us-gov-west-1.amazonaws.com/cg-d3f0433b-a53e-4934-8b94-c678aa2cbaf3/1996/ID-1996.zip,Unprocessed
https://s3-us-gov-west-1.amazonaws.com/cg-d3f0433b-a53e-4934-8b94-c678aa2cbaf3/1997/ID-1997.zip,Unprocessed
https://s3-us-gov-west-1.amazonaws.com/cg-d3f0433b-a53e-4934-8b94-c678aa2cbaf3/1998/ID-1998.zip,Unprocessed
https://s3-us-gov-west-1.amazonaws.com/cg-d3f0433b-a53e-4934-8b94-c678aa2cbaf3/1999/ID-1999.zip,Unprocessed
https://s3-us-gov-west-1.amazonaws.com/cg-d3f0433b-a53e-4934-8b94-c678aa2cbaf3/2000/ID-2000.zip,Unprocessed
https://s3-us-gov-west-1.amazonaws.com/cg-d3f0433b-a53e-4934-8b94-c678aa2cbaf3/2001/ID-2001.zip,Unprocessed
https://s3-us-gov-west-1.amazonaws.com/cg-d3f0433b-a53e-4934-8b94-c678aa2cbaf3/2002/ID-2002.zip,Unprocessed
https://s3-us-gov-west-1.amazonaws.com/cg-d3f0433b-a53e-4934-8b94-c678aa2cbaf3/2003/ID-2003.zip,Unprocessed
https://s3-us-gov-west-1.amazonaws.com/cg-d3f0433b-a53e-4934-8b94-c678aa2cbaf3/2004/ID-2004.zip,Unprocessed
https://s3-us-gov-west-1.amazonaws.com/cg-d3f0433b-a53e-4934-8b94-c678aa2cbaf3/2005/ID-2005.zip,Unprocessed
https://s3-us-gov-west-1.amazonaws.com/cg-d3f0433b-a53e-4934-8b94-c678aa2cbaf3/2006/ID-2006.zip,Unprocessed
https://s3-us-gov-west-1.amazonaws.com/cg-d3f0433b-a53e-4934-8b94-c678aa2cbaf3/2007/ID-2007.zip,Unprocessed
https://s3-us-gov-west-1.amazonaws.com/cg-d3f0433b-a53e-4934-8b94-c678aa2cbaf3/2008/ID-2008.zip,Unprocessed
https://s3-us-gov-west-1.amazonaws.com/cg-d3f0433b-a53e-4934-8b94-c678aa2cbaf3/2009/ID-2009.zip,Unprocessed
https://s3-us-gov-west-1.amazonaws.com/cg-d3f0433b-a53e-4934-8b94-c678aa2cbaf3/2010/ID-2010.zip,Unprocessed
https://s3-us-gov-west-1.amazonaws.com/cg-d3f0433b-a53e-4934-8b94-c678aa2cbaf3/2011/ID-2011.zip,Unprocessed
https://s3-us-gov-west-1.amazonaws.com/cg-d3f0433b-a53e-4934-8b94-c678aa2cbaf3/2012/ID-2012.zip,Unprocessed
https://s3-us-gov-west-1.amazonaws.com/cg-d3f0433b-a53e-4934-8b94-c678aa2cbaf3/2013/ID-2013.zip,Unprocessed
https://s3-us-gov-west-1.amazonaws.com/cg-d3f0433b-a53e-4934-8b94-c678aa2cbaf3/2014/ID-2014.zip,Unprocessed
https://s3-us-gov-west-1.amazonaws.com/cg-d3f0433b-a53e-4934-8b94-c678aa2cbaf3/2015/ID-2015.zip,Unprocessed
https://s3-us-gov-west-1.amazonaws.com/cg-d3f0433b-a53e-4934-8b94-c678aa2cbaf3/2016/ID-2016.zip,Unprocessed
https://s3-us-gov-west-1.amazonaws.com/cg-d4b776d0-d898-4153-90c8-8336f86bdfec/2016/ID-2016.zip,Unprocessed
https://s3-us-gov-west-1.amazonaws.com/cg-d4b776d0-d898-4153-90c8-8336f86bdfec/2017/ID-2017.zip,Unprocessed
https://s3-us-gov-west-1.amazonaws.com/cg-d4b776d0-d898-4153-90c8-8336f86bdfec/2018/ID-2018.zip,Unprocessed
https://s3-us-gov-west-1.amazonaws.com/cg-d4b776d0-d898-4153-90c8-8336f86bdfec/2019/ID-2019.zip,Unprocessed
https://s3-us-gov-west-1.amazonaws.com/cg-d3f0433b-a53e-4934-8b94-c678aa2cbaf3/1993/IL-1993.zip,Unprocessed
https://s3-us-gov-west-1.amazonaws.com/cg-d3f0433b-a53e-4934-8b94-c678aa2cbaf3/1994/IL-1994.zip,Unprocessed
https://s3-us-gov-west-1.amazonaws.com/cg-d3f0433b-a53e-4934-8b94-c678aa2cbaf3/2006/IL-2006.zip,Unprocessed
https://s3-us-gov-west-1.amazonaws.com/cg-d3f0433b-a53e-4934-8b94-c678aa2cbaf3/2007/IL-2007.zip,Unprocessed
https://s3-us-gov-west-1.amazonaws.com/cg-d3f0433b-a53e-4934-8b94-c678aa2cbaf3/2008/IL-2008.zip,Unprocessed
https://s3-us-gov-west-1.amazonaws.com/cg-d3f0433b-a53e-4934-8b94-c678aa2cbaf3/2009/IL-2009.zip,Unprocessed
https://s3-us-gov-west-1.amazonaws.com/cg-d3f0433b-a53e-4934-8b94-c678aa2cbaf3/2010/IL-2010.zip,Unprocessed
https://s3-us-gov-west-1.amazonaws.com/cg-d3f0433b-a53e-4934-8b94-c678aa2cbaf3/2011/IL-2011.zip,Unprocessed
https://s3-us-gov-west-1.amazonaws.com/cg-d3f0433b-a53e-4934-8b94-c678aa2cbaf3/2012/IL-2012.zip,Unprocessed
https://s3-us-gov-west-1.amazonaws.com/cg-d3f0433b-a53e-4934-8b94-c678aa2cbaf3/2013/IL-2013.zip,Unprocessed
https://s3-us-gov-west-1.amazonaws.com/cg-d3f0433b-a53e-4934-8b94-c678aa2cbaf3/2014/IL-2014.zip,Unprocessed
https://s3-us-gov-west-1.amazonaws.com/cg-d3f0433b-a53e-4934-8b94-c678aa2cbaf3/2015/IL-2015.zip,Unprocessed
https://s3-us-gov-west-1.amazonaws.com/cg-d3f0433b-a53e-4934-8b94-c678aa2cbaf3/2016/IL-2016.zip,Unprocessed
https://s3-us-gov-west-1.amazonaws.com/cg-d4b776d0-d898-4153-90c8-8336f86bdfec/2016/IL-2016.zip,Unprocessed
https://s3-us-gov-west-1.amazonaws.com/cg-d4b776d0-d898-4153-90c8-8336f86bdfec/2017/IL-2017.zip,Unprocessed
https://s3-us-gov-west-1.amazonaws.com/cg-d4b776d0-d898-4153-90c8-8336f86bdfec/2018/IL-2018.zip,Unprocessed
https://s3-us-gov-west-1.amazonaws.com/cg-d4b776d0-d898-4153-90c8-8336f86bdfec/2019/IL-2019.zip,Unprocessed
https://s3-us-gov-west-1.amazonaws.com/cg-d3f0433b-a53e-4934-8b94-c678aa2cbaf3/2013/IN-2013.zip,Unprocessed
https://s3-us-gov-west-1.amazonaws.com/cg-d3f0433b-a53e-4934-8b94-c678aa2cbaf3/2014/IN-2014.zip,Unprocessed
https://s3-us-gov-west-1.amazonaws.com/cg-d3f0433b-a53e-4934-8b94-c678aa2cbaf3/2015/IN-2015.zip,Unprocessed
https://s3-us-gov-west-1.amazonaws.com/cg-d3f0433b-a53e-4934-8b94-c678aa2cbaf3/2016/IN-2016.zip,Unprocessed
https://s3-us-gov-west-1.amazonaws.com/cg-d4b776d0-d898-4153-90c8-8336f86bdfec/2016/IN-2016.zip,Unprocessed
https://s3-us-gov-west-1.amazonaws.com/cg-d4b776d0-d898-4153-90c8-8336f86bdfec/2017/IN-2017.zip,Unprocessed
https://s3-us-gov-west-1.amazonaws.com/cg-d4b776d0-d898-4153-90c8-8336f86bdfec/2018/IN-2018.zip,Unprocessed
https://s3-us-gov-west-1.amazonaws.com/cg-d4b776d0-d898-4153-90c8-8336f86bdfec/2019/IN-2019.zip,Unprocessed
https://s3-us-gov-west-1.amazonaws.com/cg-d3f0433b-a53e-4934-8b94-c678aa2cbaf3/1992/IA-1992.zip,Unprocessed
https://s3-us-gov-west-1.amazonaws.com/cg-d3f0433b-a53e-4934-8b94-c678aa2cbaf3/1993/IA-1993.zip,Unprocessed
https://s3-us-gov-west-1.amazonaws.com/cg-d3f0433b-a53e-4934-8b94-c678aa2cbaf3/1994/IA-1994.zip,Unprocessed
https://s3-us-gov-west-1.amazonaws.com/cg-d3f0433b-a53e-4934-8b94-c678aa2cbaf3/1995/IA-1995.zip,Unprocessed
https://s3-us-gov-west-1.amazonaws.com/cg-d3f0433b-a53e-4934-8b94-c678aa2cbaf3/1996/IA-1996.zip,Unprocessed
https://s3-us-gov-west-1.amazonaws.com/cg-d3f0433b-a53e-4934-8b94-c678aa2cbaf3/1997/IA-1997.zip,Unprocessed
https://s3-us-gov-west-1.amazonaws.com/cg-d3f0433b-a53e-4934-8b94-c678aa2cbaf3/1998/IA-1998.zip,Unprocessed
https://s3-us-gov-west-1.amazonaws.com/cg-d3f0433b-a53e-4934-8b94-c678aa2cbaf3/1999/IA-1999.zip,Unprocessed
https://s3-us-gov-west-1.amazonaws.com/cg-d3f0433b-a53e-4934-8b94-c678aa2cbaf3/2000/IA-2000.zip,Unprocessed
https://s3-us-gov-west-1.amazonaws.com/cg-d3f0433b-a53e-4934-8b94-c678aa2cbaf3/2001/IA-2001.zip,Unprocessed
https://s3-us-gov-west-1.amazonaws.com/cg-d3f0433b-a53e-4934-8b94-c678aa2cbaf3/2002/IA-2002.zip,Unprocessed
https://s3-us-gov-west-1.amazonaws.com/cg-d3f0433b-a53e-4934-8b94-c678aa2cbaf3/2003/IA-2003.zip,Unprocessed
https://s3-us-gov-west-1.amazonaws.com/cg-d3f0433b-a53e-4934-8b94-c678aa2cbaf3/2004/IA-2004.zip,Unprocessed
https://s3-us-gov-west-1.amazonaws.com/cg-d3f0433b-a53e-4934-8b94-c678aa2cbaf3/2005/IA-2005.zip,Unprocessed
https://s3-us-gov-west-1.amazonaws.com/cg-d3f0433b-a53e-4934-8b94-c678aa2cbaf3/2006/IA-2006.zip,Unprocessed
https://s3-us-gov-west-1.amazonaws.com/cg-d3f0433b-a53e-4934-8b94-c678aa2cbaf3/2007/IA-2007.zip,Unprocessed
https://s3-us-gov-west-1.amazonaws.com/cg-d3f0433b-a53e-4934-8b94-c678aa2cbaf3/2008/IA-2008.zip,Unprocessed
https://s3-us-gov-west-1.amazonaws.com/cg-d3f0433b-a53e-4934-8b94-c678aa2cbaf3/2009/IA-2009.zip,Unprocessed
https://s3-us-gov-west-1.amazonaws.com/cg-d3f0433b-a53e-4934-8b94-c678aa2cbaf3/2010/IA-2010.zip,Unprocessed
https://s3-us-gov-west-1.amazonaws.com/cg-d3f0433b-a53e-4934-8b94-c678aa2cbaf3/2011/IA-2011.zip,Unprocessed
https://s3-us-gov-west-1.amazonaws.com/cg-d3f0433b-a53e-4934-8b94-c678aa2cbaf3/2012/IA-2012.zip,Unprocessed
https://s3-us-gov-west-1.amazonaws.com/cg-d3f0433b-a53e-4934-8b94-c678aa2cbaf3/2013/IA-2013.zip,Unprocessed
https://s3-us-gov-west-1.amazonaws.com/cg-d3f0433b-a53e-4934-8b94-c678aa2cbaf3/2014/IA-2014.zip,Unprocessed
https://s3-us-gov-west-1.amazonaws.com/cg-d3f0433b-a53e-4934-8b94-c678aa2cbaf3/2015/IA-2015.zip,Unprocessed
https://s3-us-gov-west-1.amazonaws.com/cg-d3f0433b-a53e-4934-8b94-c678aa2cbaf3/2016/IA-2016.zip,Unprocessed
https://s3-us-gov-west-1.amazonaws.com/cg-d4b776d0-d898-4153-90c8-8336f86bdfec/2016/IA-2016.zip,Unprocessed
https://s3-us-gov-west-1.amazonaws.com/cg-d4b776d0-d898-4153-90c8-8336f86bdfec/2017/IA-2017.zip,Unprocessed
https://s3-us-gov-west-1.amazonaws.com/cg-d4b776d0-d898-4153-90c8-8336f86bdfec/2018/IA-2018.zip,Unprocessed
https://s3-us-gov-west-1.amazonaws.com/cg-d4b776d0-d898-4153-90c8-8336f86bdfec/2019/IA-2019.zip,Unprocessed
https://s3-us-gov-west-1.amazonaws.com/cg-d3f0433b-a53e-4934-8b94-c678aa2cbaf3/2000/KS-2000.zip,Unprocessed
https://s3-us-gov-west-1.amazonaws.com/cg-d3f0433b-a53e-4934-8b94-c678aa2cbaf3/2001/KS-2001.zip,Unprocessed
https://s3-us-gov-west-1.amazonaws.com/cg-d3f0433b-a53e-4934-8b94-c678aa2cbaf3/2002/KS-2002.zip,Unprocessed
https://s3-us-gov-west-1.amazonaws.com/cg-d3f0433b-a53e-4934-8b94-c678aa2cbaf3/2003/KS-2003.zip,Unprocessed
https://s3-us-gov-west-1.amazonaws.com/cg-d3f0433b-a53e-4934-8b94-c678aa2cbaf3/2004/KS-2004.zip,Unprocessed
https://s3-us-gov-west-1.amazonaws.com/cg-d3f0433b-a53e-4934-8b94-c678aa2cbaf3/2005/KS-2005.zip,Unprocessed
https://s3-us-gov-west-1.amazonaws.com/cg-d3f0433b-a53e-4934-8b94-c678aa2cbaf3/2006/KS-2006.zip,Unprocessed
https://s3-us-gov-west-1.amazonaws.com/cg-d3f0433b-a53e-4934-8b94-c678aa2cbaf3/2007/KS-2007.zip,Unprocessed
https://s3-us-gov-west-1.amazonaws.com/cg-d3f0433b-a53e-4934-8b94-c678aa2cbaf3/2008/KS-2008.zip,Unprocessed
https://s3-us-gov-west-1.amazonaws.com/cg-d3f0433b-a53e-4934-8b94-c678aa2cbaf3/2009/KS-2009.zip,Unprocessed
https://s3-us-gov-west-1.amazonaws.com/cg-d3f0433b-a53e-4934-8b94-c678aa2cbaf3/2010/KS-2010.zip,Unprocessed
https://s3-us-gov-west-1.amazonaws.com/cg-d3f0433b-a53e-4934-8b94-c678aa2cbaf3/2011/KS-2011.zip,Unprocessed
https://s3-us-gov-west-1.amazonaws.com/cg-d3f0433b-a53e-4934-8b94-c678aa2cbaf3/2012/KS-2012.zip,Unprocessed
https://s3-us-gov-west-1.amazonaws.com/cg-d3f0433b-a53e-4934-8b94-c678aa2cbaf3/2013/KS-2013.zip,Unprocessed
https://s3-us-gov-west-1.amazonaws.com/cg-d3f0433b-a53e-4934-8b94-c678aa2cbaf3/2014/KS-2014.zip,Unprocessed
https://s3-us-gov-west-1.amazonaws.com/cg-d3f0433b-a53e-4934-8b94-c678aa2cbaf3/2015/KS-2015.zip,Unprocessed
https://s3-us-gov-west-1.amazonaws.com/cg-d3f0433b-a53e-4934-8b94-c678aa2cbaf3/2016/KS-2016.zip,Unprocessed
https://s3-us-gov-west-1.amazonaws.com/cg-d4b776d0-d898-4153-90c8-8336f86bdfec/2016/KS-2016.zip,Unprocessed
https://s3-us-gov-west-1.amazonaws.com/cg-d4b776d0-d898-4153-90c8-8336f86bdfec/2017/KS-2017.zip,Unprocessed
https://s3-us-gov-west-1.amazonaws.com/cg-d4b776d0-d898-4153-90c8-8336f86bdfec/2018/KS-2018.zip,Unprocessed
https://s3-us-gov-west-1.amazonaws.com/cg-d4b776d0-d898-4153-90c8-8336f86bdfec/2019/KS-2019.zip,Unprocessed
https://s3-us-gov-west-1.amazonaws.com/cg-d3f0433b-a53e-4934-8b94-c678aa2cbaf3/1998/KY-1998.zip,Unprocessed
https://s3-us-gov-west-1.amazonaws.com/cg-d3f0433b-a53e-4934-8b94-c678aa2cbaf3/1999/KY-1999.zip,Unprocessed
https://s3-us-gov-west-1.amazonaws.com/cg-d3f0433b-a53e-4934-8b94-c678aa2cbaf3/2000/KY-2000.zip,Unprocessed
https://s3-us-gov-west-1.amazonaws.com/cg-d3f0433b-a53e-4934-8b94-c678aa2cbaf3/2001/KY-2001.zip,Unprocessed
https://s3-us-gov-west-1.amazonaws.com/cg-d3f0433b-a53e-4934-8b94-c678aa2cbaf3/2002/KY-2002.zip,Unprocessed
https://s3-us-gov-west-1.amazonaws.com/cg-d3f0433b-a53e-4934-8b94-c678aa2cbaf3/2003/KY-2003.zip,Unprocessed
https://s3-us-gov-west-1.amazonaws.com/cg-d3f0433b-a53e-4934-8b94-c678aa2cbaf3/2004/KY-2004.zip,Unprocessed
https://s3-us-gov-west-1.amazonaws.com/cg-d3f0433b-a53e-4934-8b94-c678aa2cbaf3/2005/KY-2005.zip,Unprocessed
https://s3-us-gov-west-1.amazonaws.com/cg-d3f0433b-a53e-4934-8b94-c678aa2cbaf3/2006/KY-2006.zip,Unprocessed
https://s3-us-gov-west-1.amazonaws.com/cg-d3f0433b-a53e-4934-8b94-c678aa2cbaf3/2007/KY-2007.zip,Unprocessed
https://s3-us-gov-west-1.amazonaws.com/cg-d3f0433b-a53e-4934-8b94-c678aa2cbaf3/2008/KY-2008.zip,Unprocessed
https://s3-us-gov-west-1.amazonaws.com/cg-d3f0433b-a53e-4934-8b94-c678aa2cbaf3/2009/KY-2009.zip,Unprocessed
https://s3-us-gov-west-1.amazonaws.com/cg-d3f0433b-a53e-4934-8b94-c678aa2cbaf3/2010/KY-2010.zip,Unprocessed
https://s3-us-gov-west-1.amazonaws.com/cg-d3f0433b-a53e-4934-8b94-c678aa2cbaf3/2011/KY-2011.zip,Unprocessed
https://s3-us-gov-west-1.amazonaws.com/cg-d3f0433b-a53e-4934-8b94-c678aa2cbaf3/2012/KY-2012.zip,Unprocessed
https://s3-us-gov-west-1.amazonaws.com/cg-d3f0433b-a53e-4934-8b94-c678aa2cbaf3/2013/KY-2013.zip,Unprocessed
https://s3-us-gov-west-1.amazonaws.com/cg-d3f0433b-a53e-4934-8b94-c678aa2cbaf3/2014/KY-2014.zip,Unprocessed
https://s3-us-gov-west-1.amazonaws.com/cg-d3f0433b-a53e-4934-8b94-c678aa2cbaf3/2015/KY-2015.zip,Unprocessed
https://s3-us-gov-west-1.amazonaws.com/cg-d3f0433b-a53e-4934-8b94-c678aa2cbaf3/2016/KY-2016.zip,Unprocessed
https://s3-us-gov-west-1.amazonaws.com/cg-d4b776d0-d898-4153-90c8-8336f86bdfec/2016/KY-2016.zip,Unprocessed
https://s3-us-gov-west-1.amazonaws.com/cg-d4b776d0-d898-4153-90c8-8336f86bdfec/2017/KY-2017.zip,Unprocessed
https://s3-us-gov-west-1.amazonaws.com/cg-d4b776d0-d898-4153-90c8-8336f86bdfec/2018/KY-2018.zip,Unprocessed
https://s3-us-gov-west-1.amazonaws.com/cg-d4b776d0-d898-4153-90c8-8336f86bdfec/2019/KY-2019.zip,Unprocessed
https://s3-us-gov-west-1.amazonaws.com/cg-d3f0433b-a53e-4934-8b94-c678aa2cbaf3/2003/LA-2003.zip,Unprocessed
https://s3-us-gov-west-1.amazonaws.com/cg-d3f0433b-a53e-4934-8b94-c678aa2cbaf3/2004/LA-2004.zip,Unprocessed
https://s3-us-gov-west-1.amazonaws.com/cg-d3f0433b-a53e-4934-8b94-c678aa2cbaf3/2005/LA-2005.zip,Unprocessed
https://s3-us-gov-west-1.amazonaws.com/cg-d3f0433b-a53e-4934-8b94-c678aa2cbaf3/2006/LA-2006.zip,Unprocessed
https://s3-us-gov-west-1.amazonaws.com/cg-d3f0433b-a53e-4934-8b94-c678aa2cbaf3/2007/LA-2007.zip,Unprocessed
https://s3-us-gov-west-1.amazonaws.com/cg-d3f0433b-a53e-4934-8b94-c678aa2cbaf3/2008/LA-2008.zip,Unprocessed
https://s3-us-gov-west-1.amazonaws.com/cg-d3f0433b-a53e-4934-8b94-c678aa2cbaf3/2009/LA-2009.zip,Unprocessed
https://s3-us-gov-west-1.amazonaws.com/cg-d3f0433b-a53e-4934-8b94-c678aa2cbaf3/2010/LA-2010.zip,Unprocessed
https://s3-us-gov-west-1.amazonaws.com/cg-d3f0433b-a53e-4934-8b94-c678aa2cbaf3/2011/LA-2011.zip,Unprocessed
https://s3-us-gov-west-1.amazonaws.com/cg-d3f0433b-a53e-4934-8b94-c678aa2cbaf3/2012/LA-2012.zip,Unprocessed
https://s3-us-gov-west-1.amazonaws.com/cg-d3f0433b-a53e-4934-8b94-c678aa2cbaf3/2013/LA-2013.zip,Unprocessed
https://s3-us-gov-west-1.amazonaws.com/cg-d3f0433b-a53e-4934-8b94-c678aa2cbaf3/2014/LA-2014.zip,Unprocessed
https://s3-us-gov-west-1.amazonaws.com/cg-d3f0433b-a53e-4934-8b94-c678aa2cbaf3/2015/LA-2015.zip,Unprocessed
https://s3-us-gov-west-1.amazonaws.com/cg-d3f0433b-a53e-4934-8b94-c678aa2cbaf3/2016/LA-2016.zip,Unprocessed
https://s3-us-gov-west-1.amazonaws.com/cg-d4b776d0-d898-4153-90c8-8336f86bdfec/2016/LA-2016.zip,Unprocessed
https://s3-us-gov-west-1.amazonaws.com/cg-d4b776d0-d898-4153-90c8-8336f86bdfec/2017/LA-2017.zip,Unprocessed
https://s3-us-gov-west-1.amazonaws.com/cg-d4b776d0-d898-4153-90c8-8336f86bdfec/2018/LA-2018.zip,Unprocessed
https://s3-us-gov-west-1.amazonaws.com/cg-d4b776d0-d898-4153-90c8-8336f86bdfec/2019/LA-2019.zip,Unprocessed
https://s3-us-gov-west-1.amazonaws.com/cg-d3f0433b-a53e-4934-8b94-c678aa2cbaf3/2004/ME-2004.zip,Unprocessed
https://s3-us-gov-west-1.amazonaws.com/cg-d3f0433b-a53e-4934-8b94-c678aa2cbaf3/2005/ME-2005.zip,Unprocessed
https://s3-us-gov-west-1.amazonaws.com/cg-d3f0433b-a53e-4934-8b94-c678aa2cbaf3/2006/ME-2006.zip,Unprocessed
https://s3-us-gov-west-1.amazonaws.com/cg-d3f0433b-a53e-4934-8b94-c678aa2cbaf3/2007/ME-2007.zip,Unprocessed
https://s3-us-gov-west-1.amazonaws.com/cg-d3f0433b-a53e-4934-8b94-c678aa2cbaf3/2008/ME-2008.zip,Unprocessed
https://s3-us-gov-west-1.amazonaws.com/cg-d3f0433b-a53e-4934-8b94-c678aa2cbaf3/2009/ME-2009.zip,Unprocessed
https://s3-us-gov-west-1.amazonaws.com/cg-d3f0433b-a53e-4934-8b94-c678aa2cbaf3/2010/ME-2010.zip,Unprocessed
https://s3-us-gov-west-1.amazonaws.com/cg-d3f0433b-a53e-4934-8b94-c678aa2cbaf3/2011/ME-2011.zip,Unprocessed
https://s3-us-gov-west-1.amazonaws.com/cg-d3f0433b-a53e-4934-8b94-c678aa2cbaf3/2012/ME-2012.zip,Unprocessed
https://s3-us-gov-west-1.amazonaws.com/cg-d3f0433b-a53e-4934-8b94-c678aa2cbaf3/2013/ME-2013.zip,Unprocessed
https://s3-us-gov-west-1.amazonaws.com/cg-d3f0433b-a53e-4934-8b94-c678aa2cbaf3/2014/ME-2014.zip,Unprocessed
https://s3-us-gov-west-1.amazonaws.com/cg-d3f0433b-a53e-4934-8b94-c678aa2cbaf3/2015/ME-2015.zip,Unprocessed
https://s3-us-gov-west-1.amazonaws.com/cg-d3f0433b-a53e-4934-8b94-c678aa2cbaf3/2016/ME-2016.zip,Unprocessed
https://s3-us-gov-west-1.amazonaws.com/cg-d4b776d0-d898-4153-90c8-8336f86bdfec/2016/ME-2016.zip,Unprocessed
https://s3-us-gov-west-1.amazonaws.com/cg-d4b776d0-d898-4153-90c8-8336f86bdfec/2017/ME-2017.zip,Unprocessed
https://s3-us-gov-west-1.amazonaws.com/cg-d4b776d0-d898-4153-90c8-8336f86bdfec/2018/ME-2018.zip,Unprocessed
https://s3-us-gov-west-1.amazonaws.com/cg-d4b776d0-d898-4153-90c8-8336f86bdfec/2019/ME-2019.zip,Unprocessed
https://s3-us-gov-west-1.amazonaws.com/cg-d4b776d0-d898-4153-90c8-8336f86bdfec/2018/MD-2018.zip,Unprocessed
https://s3-us-gov-west-1.amazonaws.com/cg-d4b776d0-d898-4153-90c8-8336f86bdfec/2019/MD-2019.zip,Unprocessed
https://s3-us-gov-west-1.amazonaws.com/cg-d3f0433b-a53e-4934-8b94-c678aa2cbaf3/1994/MA-1994.zip,Unprocessed
https://s3-us-gov-west-1.amazonaws.com/cg-d3f0433b-a53e-4934-8b94-c678aa2cbaf3/1995/MA-1995.zip,Unprocessed
https://s3-us-gov-west-1.amazonaws.com/cg-d3f0433b-a53e-4934-8b94-c678aa2cbaf3/1996/MA-1996.zip,Unprocessed
https://s3-us-gov-west-1.amazonaws.com/cg-d3f0433b-a53e-4934-8b94-c678aa2cbaf3/1997/MA-1997.zip,Unprocessed
https://s3-us-gov-west-1.amazonaws.com/cg-d3f0433b-a53e-4934-8b94-c678aa2cbaf3/1998/MA-1998.zip,Unprocessed
https://s3-us-gov-west-1.amazonaws.com/cg-d3f0433b-a53e-4934-8b94-c678aa2cbaf3/1999/MA-1999.zip,Unprocessed
https://s3-us-gov-west-1.amazonaws.com/cg-d3f0433b-a53e-4934-8b94-c678aa2cbaf3/2000/MA-2000.zip,Unprocessed
https://s3-us-gov-west-1.amazonaws.com/cg-d3f0433b-a53e-4934-8b94-c678aa2cbaf3/2001/MA-2001.zip,Unprocessed
https://s3-us-gov-west-1.amazonaws.com/cg-d3f0433b-a53e-4934-8b94-c678aa2cbaf3/2002/MA-2002.zip,Unprocessed
https://s3-us-gov-west-1.amazonaws.com/cg-d3f0433b-a53e-4934-8b94-c678aa2cbaf3/2003/MA-2003.zip,Unprocessed
https://s3-us-gov-west-1.amazonaws.com/cg-d3f0433b-a53e-4934-8b94-c678aa2cbaf3/2004/MA-2004.zip,Unprocessed
https://s3-us-gov-west-1.amazonaws.com/cg-d3f0433b-a53e-4934-8b94-c678aa2cbaf3/2005/MA-2005.zip,Unprocessed
https://s3-us-gov-west-1.amazonaws.com/cg-d3f0433b-a53e-4934-8b94-c678aa2cbaf3/2006/MA-2006.zip,Unprocessed
https://s3-us-gov-west-1.amazonaws.com/cg-d3f0433b-a53e-4934-8b94-c678aa2cbaf3/2007/MA-2007.zip,Unprocessed
https://s3-us-gov-west-1.amazonaws.com/cg-d3f0433b-a53e-4934-8b94-c678aa2cbaf3/2008/MA-2008.zip,Unprocessed
https://s3-us-gov-west-1.amazonaws.com/cg-d3f0433b-a53e-4934-8b94-c678aa2cbaf3/2009/MA-2009.zip,Unprocessed
https://s3-us-gov-west-1.amazonaws.com/cg-d3f0433b-a53e-4934-8b94-c678aa2cbaf3/2010/MA-2010.zip,Unprocessed
https://s3-us-gov-west-1.amazonaws.com/cg-d3f0433b-a53e-4934-8b94-c678aa2cbaf3/2011/MA-2011.zip,Unprocessed
https://s3-us-gov-west-1.amazonaws.com/cg-d3f0433b-a53e-4934-8b94-c678aa2cbaf3/2012/MA-2012.zip,Unprocessed
https://s3-us-gov-west-1.amazonaws.com/cg-d3f0433b-a53e-4934-8b94-c678aa2cbaf3/2013/MA-2013.zip,Unprocessed
https://s3-us-gov-west-1.amazonaws.com/cg-d3f0433b-a53e-4934-8b94-c678aa2cbaf3/2014/MA-2014.zip,Unprocessed
https://s3-us-gov-west-1.amazonaws.com/cg-d3f0433b-a53e-4934-8b94-c678aa2cbaf3/2015/MA-2015.zip,Unprocessed
https://s3-us-gov-west-1.amazonaws.com/cg-d3f0433b-a53e-4934-8b94-c678aa2cbaf3/2016/MA-2016.zip,Unprocessed
https://s3-us-gov-west-1.amazonaws.com/cg-d4b776d0-d898-4153-90c8-8336f86bdfec/2016/MA-2016.zip,Unprocessed
https://s3-us-gov-west-1.amazonaws.com/cg-d4b776d0-d898-4153-90c8-8336f86bdfec/2017/MA-2017.zip,Unprocessed
https://s3-us-gov-west-1.amazonaws.com/cg-d4b776d0-d898-4153-90c8-8336f86bdfec/2018/MA-2018.zip,Unprocessed
https://s3-us-gov-west-1.amazonaws.com/cg-d4b776d0-d898-4153-90c8-8336f86bdfec/2019/MA-2019.zip,Unprocessed
https://s3-us-gov-west-1.amazonaws.com/cg-d3f0433b-a53e-4934-8b94-c678aa2cbaf3/1995/MI-1995.zip,Unprocessed
https://s3-us-gov-west-1.amazonaws.com/cg-d3f0433b-a53e-4934-8b94-c678aa2cbaf3/1996/MI-1996.zip,Unprocessed
https://s3-us-gov-west-1.amazonaws.com/cg-d3f0433b-a53e-4934-8b94-c678aa2cbaf3/1997/MI-1997.zip,Unprocessed
https://s3-us-gov-west-1.amazonaws.com/cg-d3f0433b-a53e-4934-8b94-c678aa2cbaf3/1998/MI-1998.zip,Unprocessed
https://s3-us-gov-west-1.amazonaws.com/cg-d3f0433b-a53e-4934-8b94-c678aa2cbaf3/1999/MI-1999.zip,Unprocessed
https://s3-us-gov-west-1.amazonaws.com/cg-d3f0433b-a53e-4934-8b94-c678aa2cbaf3/2000/MI-2000.zip,Unprocessed
https://s3-us-gov-west-1.amazonaws.com/cg-d3f0433b-a53e-4934-8b94-c678aa2cbaf3/2001/MI-2001.zip,Unprocessed
https://s3-us-gov-west-1.amazonaws.com/cg-d3f0433b-a53e-4934-8b94-c678aa2cbaf3/2002/MI-2002.zip,Unprocessed
https://s3-us-gov-west-1.amazonaws.com/cg-d3f0433b-a53e-4934-8b94-c678aa2cbaf3/2003/MI-2003.zip,Unprocessed
https://s3-us-gov-west-1.amazonaws.com/cg-d3f0433b-a53e-4934-8b94-c678aa2cbaf3/2004/MI-2004.zip,Unprocessed
https://s3-us-gov-west-1.amazonaws.com/cg-d3f0433b-a53e-4934-8b94-c678aa2cbaf3/2005/MI-2005.zip,Unprocessed
https://s3-us-gov-west-1.amazonaws.com/cg-d3f0433b-a53e-4934-8b94-c678aa2cbaf3/2006/MI-2006.zip,Unprocessed
https://s3-us-gov-west-1.amazonaws.com/cg-d3f0433b-a53e-4934-8b94-c678aa2cbaf3/2007/MI-2007.zip,Unprocessed
https://s3-us-gov-west-1.amazonaws.com/cg-d3f0433b-a53e-4934-8b94-c678aa2cbaf3/2008/MI-2008.zip,Unprocessed
https://s3-us-gov-west-1.amazonaws.com/cg-d3f0433b-a53e-4934-8b94-c678aa2cbaf3/2009/MI-2009.zip,Unprocessed
https://s3-us-gov-west-1.amazonaws.com/cg-d3f0433b-a53e-4934-8b94-c678aa2cbaf3/2010/MI-2010.zip,Unprocessed
https://s3-us-gov-west-1.amazonaws.com/cg-d3f0433b-a53e-4934-8b94-c678aa2cbaf3/2011/MI-2011.zip,Unprocessed
https://s3-us-gov-west-1.amazonaws.com/cg-d3f0433b-a53e-4934-8b94-c678aa2cbaf3/2012/MI-2012.zip,Unprocessed
https://s3-us-gov-west-1.amazonaws.com/cg-d3f0433b-a53e-4934-8b94-c678aa2cbaf3/2013/MI-2013.zip,Unprocessed
https://s3-us-gov-west-1.amazonaws.com/cg-d3f0433b-a53e-4934-8b94-c678aa2cbaf3/2014/MI-2014.zip,Unprocessed
https://s3-us-gov-west-1.amazonaws.com/cg-d3f0433b-a53e-4934-8b94-c678aa2cbaf3/2015/MI-2015.zip,Unprocessed
https://s3-us-gov-west-1.amazonaws.com/cg-d3f0433b-a53e-4934-8b94-c678aa2cbaf3/2016/MI-2016.zip,Unprocessed
https://s3-us-gov-west-1.amazonaws.com/cg-d4b776d0-d898-4153-90c8-8336f86bdfec/2016/MI-2016.zip,Unprocessed
https://s3-us-gov-west-1.amazonaws.com/cg-d4b776d0-d898-4153-90c8-8336f86bdfec/2017/MI-2017.zip,Unprocessed
https://s3-us-gov-west-1.amazonaws.com/cg-d4b776d0-d898-4153-90c8-8336f86bdfec/2018/MI-2018.zip,Unprocessed
https://s3-us-gov-west-1.amazonaws.com/cg-d4b776d0-d898-4153-90c8-8336f86bdfec/2019/MI-2019.zip,Unprocessed
https://s3-us-gov-west-1.amazonaws.com/cg-d4b776d0-d898-4153-90c8-8336f86bdfec/2018/MN-2018.zip,Unprocessed
https://s3-us-gov-west-1.amazonaws.com/cg-d4b776d0-d898-4153-90c8-8336f86bdfec/2019/MN-2019.zip,Unprocessed
https://s3-us-gov-west-1.amazonaws.com/cg-d4b776d0-d898-4153-90c8-8336f86bdfec/2018/MS-2018.zip,Unprocessed
https://s3-us-gov-west-1.amazonaws.com/cg-d4b776d0-d898-4153-90c8-8336f86bdfec/2019/MS-2019.zip,Unprocessed
https://s3-us-gov-west-1.amazonaws.com/cg-d3f0433b-a53e-4934-8b94-c678aa2cbaf3/2006/MO-2006.zip,Unprocessed
https://s3-us-gov-west-1.amazonaws.com/cg-d3f0433b-a53e-4934-8b94-c678aa2cbaf3/2007/MO-2007.zip,Unprocessed
https://s3-us-gov-west-1.amazonaws.com/cg-d3f0433b-a53e-4934-8b94-c678aa2cbaf3/2008/MO-2008.zip,Unprocessed
https://s3-us-gov-west-1.amazonaws.com/cg-d3f0433b-a53e-4934-8b94-c678aa2cbaf3/2009/MO-2009.zip,Unprocessed
https://s3-us-gov-west-1.amazonaws.com/cg-d3f0433b-a53e-4934-8b94-c678aa2cbaf3/2010/MO-2010.zip,Unprocessed
https://s3-us-gov-west-1.amazonaws.com/cg-d3f0433b-a53e-4934-8b94-c678aa2cbaf3/2011/MO-2011.zip,Unprocessed
https://s3-us-gov-west-1.amazonaws.com/cg-d3f0433b-a53e-4934-8b94-c678aa2cbaf3/2012/MO-2012.zip,Unprocessed
https://s3-us-gov-west-1.amazonaws.com/cg-d3f0433b-a53e-4934-8b94-c678aa2cbaf3/2013/MO-2013.zip,Unprocessed
https://s3-us-gov-west-1.amazonaws.com/cg-d3f0433b-a53e-4934-8b94-c678aa2cbaf3/2014/MO-2014.zip,Unprocessed
https://s3-us-gov-west-1.amazonaws.com/cg-d3f0433b-a53e-4934-8b94-c678aa2cbaf3/2015/MO-2015.zip,Unprocessed
https://s3-us-gov-west-1.amazonaws.com/cg-d3f0433b-a53e-4934-8b94-c678aa2cbaf3/2016/MO-2016.zip,Unprocessed
https://s3-us-gov-west-1.amazonaws.com/cg-d4b776d0-d898-4153-90c8-8336f86bdfec/2016/MO-2016.zip,Unprocessed
https://s3-us-gov-west-1.amazonaws.com/cg-d4b776d0-d898-4153-90c8-8336f86bdfec/2017/MO-2017.zip,Unprocessed
https://s3-us-gov-west-1.amazonaws.com/cg-d4b776d0-d898-4153-90c8-8336f86bdfec/2018/MO-2018.zip,Unprocessed
https://s3-us-gov-west-1.amazonaws.com/cg-d4b776d0-d898-4153-90c8-8336f86bdfec/2019/MO-2019.zip,Unprocessed
https://s3-us-gov-west-1.amazonaws.com/cg-d3f0433b-a53e-4934-8b94-c678aa2cbaf3/2005/MT-2005.zip,Unprocessed
https://s3-us-gov-west-1.amazonaws.com/cg-d3f0433b-a53e-4934-8b94-c678aa2cbaf3/2006/MT-2006.zip,Unprocessed
https://s3-us-gov-west-1.amazonaws.com/cg-d3f0433b-a53e-4934-8b94-c678aa2cbaf3/2007/MT-2007.zip,Unprocessed
https://s3-us-gov-west-1.amazonaws.com/cg-d3f0433b-a53e-4934-8b94-c678aa2cbaf3/2008/MT-2008.zip,Unprocessed
https://s3-us-gov-west-1.amazonaws.com/cg-d3f0433b-a53e-4934-8b94-c678aa2cbaf3/2009/MT-2009.zip,Unprocessed
https://s3-us-gov-west-1.amazonaws.com/cg-d3f0433b-a53e-4934-8b94-c678aa2cbaf3/2010/MT-2010.zip,Unprocessed
https://s3-us-gov-west-1.amazonaws.com/cg-d3f0433b-a53e-4934-8b94-c678aa2cbaf3/2011/MT-2011.zip,Unprocessed
https://s3-us-gov-west-1.amazonaws.com/cg-d3f0433b-a53e-4934-8b94-c678aa2cbaf3/2012/MT-2012.zip,Unprocessed
https://s3-us-gov-west-1.amazonaws.com/cg-d3f0433b-a53e-4934-8b94-c678aa2cbaf3/2013/MT-2013.zip,Unprocessed
https://s3-us-gov-west-1.amazonaws.com/cg-d3f0433b-a53e-4934-8b94-c678aa2cbaf3/2014/MT-2014.zip,Unprocessed
https://s3-us-gov-west-1.amazonaws.com/cg-d3f0433b-a53e-4934-8b94-c678aa2cbaf3/2015/MT-2015.zip,Unprocessed
https://s3-us-gov-west-1.amazonaws.com/cg-d3f0433b-a53e-4934-8b94-c678aa2cbaf3/2016/MT-2016.zip,Unprocessed
https://s3-us-gov-west-1.amazonaws.com/cg-d4b776d0-d898-4153-90c8-8336f86bdfec/2016/MT-2016.zip,Unprocessed
https://s3-us-gov-west-1.amazonaws.com/cg-d4b776d0-d898-4153-90c8-8336f86bdfec/2017/MT-2017.zip,Unprocessed
https://s3-us-gov-west-1.amazonaws.com/cg-d4b776d0-d898-4153-90c8-8336f86bdfec/2018/MT-2018.zip,Unprocessed
https://s3-us-gov-west-1.amazonaws.com/cg-d4b776d0-d898-4153-90c8-8336f86bdfec/2019/MT-2019.zip,Unprocessed
https://s3-us-gov-west-1.amazonaws.com/cg-d3f0433b-a53e-4934-8b94-c678aa2cbaf3/1998/NE-1998.zip,Unprocessed
https://s3-us-gov-west-1.amazonaws.com/cg-d3f0433b-a53e-4934-8b94-c678aa2cbaf3/1999/NE-1999.zip,Unprocessed
https://s3-us-gov-west-1.amazonaws.com/cg-d3f0433b-a53e-4934-8b94-c678aa2cbaf3/2000/NE-2000.zip,Unprocessed
https://s3-us-gov-west-1.amazonaws.com/cg-d3f0433b-a53e-4934-8b94-c678aa2cbaf3/2001/NE-2001.zip,Unprocessed
https://s3-us-gov-west-1.amazonaws.com/cg-d3f0433b-a53e-4934-8b94-c678aa2cbaf3/2002/NE-2002.zip,Unprocessed
https://s3-us-gov-west-1.amazonaws.com/cg-d3f0433b-a53e-4934-8b94-c678aa2cbaf3/2003/NE-2003.zip,Unprocessed
https://s3-us-gov-west-1.amazonaws.com/cg-d3f0433b-a53e-4934-8b94-c678aa2cbaf3/2004/NE-2004.zip,Unprocessed
https://s3-us-gov-west-1.amazonaws.com/cg-d3f0433b-a53e-4934-8b94-c678aa2cbaf3/2005/NE-2005.zip,Unprocessed
https://s3-us-gov-west-1.amazonaws.com/cg-d3f0433b-a53e-4934-8b94-c678aa2cbaf3/2006/NE-2006.zip,Unprocessed
https://s3-us-gov-west-1.amazonaws.com/cg-d3f0433b-a53e-4934-8b94-c678aa2cbaf3/2007/NE-2007.zip,Unprocessed
https://s3-us-gov-west-1.amazonaws.com/cg-d3f0433b-a53e-4934-8b94-c678aa2cbaf3/2008/NE-2008.zip,Unprocessed
https://s3-us-gov-west-1.amazonaws.com/cg-d3f0433b-a53e-4934-8b94-c678aa2cbaf3/2009/NE-2009.zip,Unprocessed
https://s3-us-gov-west-1.amazonaws.com/cg-d3f0433b-a53e-4934-8b94-c678aa2cbaf3/2010/NE-2010.zip,Unprocessed
https://s3-us-gov-west-1.amazonaws.com/cg-d3f0433b-a53e-4934-8b94-c678aa2cbaf3/2011/NE-2011.zip,Unprocessed
https://s3-us-gov-west-1.amazonaws.com/cg-d3f0433b-a53e-4934-8b94-c678aa2cbaf3/2012/NE-2012.zip,Unprocessed
https://s3-us-gov-west-1.amazonaws.com/cg-d3f0433b-a53e-4934-8b94-c678aa2cbaf3/2013/NE-2013.zip,Unprocessed
https://s3-us-gov-west-1.amazonaws.com/cg-d3f0433b-a53e-4934-8b94-c678aa2cbaf3/2014/NE-2014.zip,Unprocessed
https://s3-us-gov-west-1.amazonaws.com/cg-d3f0433b-a53e-4934-8b94-c678aa2cbaf3/2015/NE-2015.zip,Unprocessed
https://s3-us-gov-west-1.amazonaws.com/cg-d3f0433b-a53e-4934-8b94-c678aa2cbaf3/2016/NE-2016.zip,Unprocessed
https://s3-us-gov-west-1.amazonaws.com/cg-d4b776d0-d898-4153-90c8-8336f86bdfec/2016/NE-2016.zip,Unprocessed
https://s3-us-gov-west-1.amazonaws.com/cg-d4b776d0-d898-4153-90c8-8336f86bdfec/2017/NE-2017.zip,Unprocessed
https://s3-us-gov-west-1.amazonaws.com/cg-d4b776d0-d898-4153-90c8-8336f86bdfec/2018/NE-2018.zip,Unprocessed
https://s3-us-gov-west-1.amazonaws.com/cg-d4b776d0-d898-4153-90c8-8336f86bdfec/2019/NE-2019.zip,Unprocessed
https://s3-us-gov-west-1.amazonaws.com/cg-d4b776d0-d898-4153-90c8-8336f86bdfec/2019/NV-2019.zip,Unprocessed
https://s3-us-gov-west-1.amazonaws.com/cg-d3f0433b-a53e-4934-8b94-c678aa2cbaf3/2002/NH-2002.zip,Unprocessed
https://s3-us-gov-west-1.amazonaws.com/cg-d3f0433b-a53e-4934-8b94-c678aa2cbaf3/2003/NH-2003.zip,Unprocessed
https://s3-us-gov-west-1.amazonaws.com/cg-d3f0433b-a53e-4934-8b94-c678aa2cbaf3/2004/NH-2004.zip,Unprocessed
https://s3-us-gov-west-1.amazonaws.com/cg-d3f0433b-a53e-4934-8b94-c678aa2cbaf3/2005/NH-2005.zip,Unprocessed
https://s3-us-gov-west-1.amazonaws.com/cg-d3f0433b-a53e-4934-8b94-c678aa2cbaf3/2006/NH-2006.zip,Unprocessed
https://s3-us-gov-west-1.amazonaws.com/cg-d3f0433b-a53e-4934-8b94-c678aa2cbaf3/2007/NH-2007.zip,Unprocessed
https://s3-us-gov-west-1.amazonaws.com/cg-d3f0433b-a53e-4934-8b94-c678aa2cbaf3/2008/NH-2008.zip,Unprocessed
https://s3-us-gov-west-1.amazonaws.com/cg-d3f0433b-a53e-4934-8b94-c678aa2cbaf3/2009/NH-2009.zip,Unprocessed
https://s3-us-gov-west-1.amazonaws.com/cg-d3f0433b-a53e-4934-8b94-c678aa2cbaf3/2010/NH-2010.zip,Unprocessed
https://s3-us-gov-west-1.amazonaws.com/cg-d3f0433b-a53e-4934-8b94-c678aa2cbaf3/2011/NH-2011.zip,Unprocessed
https://s3-us-gov-west-1.amazonaws.com/cg-d3f0433b-a53e-4934-8b94-c678aa2cbaf3/2012/NH-2012.zip,Unprocessed
https://s3-us-gov-west-1.amazonaws.com/cg-d3f0433b-a53e-4934-8b94-c678aa2cbaf3/2013/NH-2013.zip,Unprocessed
https://s3-us-gov-west-1.amazonaws.com/cg-d3f0433b-a53e-4934-8b94-c678aa2cbaf3/2014/NH-2014.zip,Unprocessed
https://s3-us-gov-west-1.amazonaws.com/cg-d3f0433b-a53e-4934-8b94-c678aa2cbaf3/2015/NH-2015.zip,Unprocessed
https://s3-us-gov-west-1.amazonaws.com/cg-d3f0433b-a53e-4934-8b94-c678aa2cbaf3/2016/NH-2016.zip,Unprocessed
https://s3-us-gov-west-1.amazonaws.com/cg-d4b776d0-d898-4153-90c8-8336f86bdfec/2016/NH-2016.zip,Unprocessed
https://s3-us-gov-west-1.amazonaws.com/cg-d4b776d0-d898-4153-90c8-8336f86bdfec/2017/NH-2017.zip,Unprocessed
https://s3-us-gov-west-1.amazonaws.com/cg-d4b776d0-d898-4153-90c8-8336f86bdfec/2018/NH-2018.zip,Unprocessed
https://s3-us-gov-west-1.amazonaws.com/cg-d4b776d0-d898-4153-90c8-8336f86bdfec/2019/NH-2019.zip,Unprocessed
https://s3-us-gov-west-1.amazonaws.com/cg-d4b776d0-d898-4153-90c8-8336f86bdfec/2018/NM-2018.zip,Unprocessed
https://s3-us-gov-west-1.amazonaws.com/cg-d4b776d0-d898-4153-90c8-8336f86bdfec/2019/NM-2019.zip,Unprocessed
https://s3-us-gov-west-1.amazonaws.com/cg-d4b776d0-d898-4153-90c8-8336f86bdfec/2019/NC-2019.zip,Unprocessed
https://s3-us-gov-west-1.amazonaws.com/cg-d3f0433b-a53e-4934-8b94-c678aa2cbaf3/1991/ND-1991.zip,Unprocessed
https://s3-us-gov-west-1.amazonaws.com/cg-d3f0433b-a53e-4934-8b94-c678aa2cbaf3/1992/ND-1992.zip,Unprocessed
https://s3-us-gov-west-1.amazonaws.com/cg-d3f0433b-a53e-4934-8b94-c678aa2cbaf3/1993/ND-1993.zip,Unprocessed
https://s3-us-gov-west-1.amazonaws.com/cg-d3f0433b-a53e-4934-8b94-c678aa2cbaf3/1994/ND-1994.zip,Unprocessed
https://s3-us-gov-west-1.amazonaws.com/cg-d3f0433b-a53e-4934-8b94-c678aa2cbaf3/1995/ND-1995.zip,Unprocessed
https://s3-us-gov-west-1.amazonaws.com/cg-d3f0433b-a53e-4934-8b94-c678aa2cbaf3/1996/ND-1996.zip,Unprocessed
https://s3-us-gov-west-1.amazonaws.com/cg-d3f0433b-a53e-4934-8b94-c678aa2cbaf3/1997/ND-1997.zip,Unprocessed
https://s3-us-gov-west-1.amazonaws.com/cg-d3f0433b-a53e-4934-8b94-c678aa2cbaf3/1998/ND-1998.zip,Unprocessed
https://s3-us-gov-west-1.amazonaws.com/cg-d3f0433b-a53e-4934-8b94-c678aa2cbaf3/1999/ND-1999.zip,Unprocessed
https://s3-us-gov-west-1.amazonaws.com/cg-d3f0433b-a53e-4934-8b94-c678aa2cbaf3/2000/ND-2000.zip,Unprocessed
https://s3-us-gov-west-1.amazonaws.com/cg-d3f0433b-a53e-4934-8b94-c678aa2cbaf3/2001/ND-2001.zip,Unprocessed
https://s3-us-gov-west-1.amazonaws.com/cg-d3f0433b-a53e-4934-8b94-c678aa2cbaf3/2002/ND-2002.zip,Unprocessed
https://s3-us-gov-west-1.amazonaws.com/cg-d3f0433b-a53e-4934-8b94-c678aa2cbaf3/2003/ND-2003.zip,Unprocessed
https://s3-us-gov-west-1.amazonaws.com/cg-d3f0433b-a53e-4934-8b94-c678aa2cbaf3/2004/ND-2004.zip,Unprocessed
https://s3-us-gov-west-1.amazonaws.com/cg-d3f0433b-a53e-4934-8b94-c678aa2cbaf3/2005/ND-2005.zip,Unprocessed
https://s3-us-gov-west-1.amazonaws.com/cg-d3f0433b-a53e-4934-8b94-c678aa2cbaf3/2006/ND-2006.zip,Unprocessed
https://s3-us-gov-west-1.amazonaws.com/cg-d3f0433b-a53e-4934-8b94-c678aa2cbaf3/2007/ND-2007.zip,Unprocessed
https://s3-us-gov-west-1.amazonaws.com/cg-d3f0433b-a53e-4934-8b94-c678aa2cbaf3/2008/ND-2008.zip,Unprocessed
https://s3-us-gov-west-1.amazonaws.com/cg-d3f0433b-a53e-4934-8b94-c678aa2cbaf3/2009/ND-2009.zip,Unprocessed
https://s3-us-gov-west-1.amazonaws.com/cg-d3f0433b-a53e-4934-8b94-c678aa2cbaf3/2010/ND-2010.zip,Unprocessed
https://s3-us-gov-west-1.amazonaws.com/cg-d3f0433b-a53e-4934-8b94-c678aa2cbaf3/2011/ND-2011.zip,Unprocessed
https://s3-us-gov-west-1.amazonaws.com/cg-d3f0433b-a53e-4934-8b94-c678aa2cbaf3/2012/ND-2012.zip,Unprocessed
https://s3-us-gov-west-1.amazonaws.com/cg-d3f0433b-a53e-4934-8b94-c678aa2cbaf3/2013/ND-2013.zip,Unprocessed
https://s3-us-gov-west-1.amazonaws.com/cg-d3f0433b-a53e-4934-8b94-c678aa2cbaf3/2014/ND-2014.zip,Unprocessed
https://s3-us-gov-west-1.amazonaws.com/cg-d3f0433b-a53e-4934-8b94-c678aa2cbaf3/2015/ND-2015.zip,Unprocessed
https://s3-us-gov-west-1.amazonaws.com/cg-d3f0433b-a53e-4934-8b94-c678aa2cbaf3/2016/ND-2016.zip,Unprocessed
https://s3-us-gov-west-1.amazonaws.com/cg-d4b776d0-d898-4153-90c8-8336f86bdfec/2016/ND-2016.zip,Unprocessed
https://s3-us-gov-west-1.amazonaws.com/cg-d4b776d0-d898-4153-90c8-8336f86bdfec/2017/ND-2017.zip,Unprocessed
https://s3-us-gov-west-1.amazonaws.com/cg-d4b776d0-d898-4153-90c8-8336f86bdfec/2018/ND-2018.zip,Unprocessed
https://s3-us-gov-west-1.amazonaws.com/cg-d4b776d0-d898-4153-90c8-8336f86bdfec/2019/ND-2019.zip,Unprocessed
https://s3-us-gov-west-1.amazonaws.com/cg-d3f0433b-a53e-4934-8b94-c678aa2cbaf3/1998/OH-1998.zip,Unprocessed
https://s3-us-gov-west-1.amazonaws.com/cg-d3f0433b-a53e-4934-8b94-c678aa2cbaf3/1999/OH-1999.zip,Unprocessed
https://s3-us-gov-west-1.amazonaws.com/cg-d3f0433b-a53e-4934-8b94-c678aa2cbaf3/2000/OH-2000.zip,Unprocessed
https://s3-us-gov-west-1.amazonaws.com/cg-d3f0433b-a53e-4934-8b94-c678aa2cbaf3/2001/OH-2001.zip,Unprocessed
https://s3-us-gov-west-1.amazonaws.com/cg-d3f0433b-a53e-4934-8b94-c678aa2cbaf3/2002/OH-2002.zip,Unprocessed
https://s3-us-gov-west-1.amazonaws.com/cg-d3f0433b-a53e-4934-8b94-c678aa2cbaf3/2003/OH-2003.zip,Unprocessed
https://s3-us-gov-west-1.amazonaws.com/cg-d3f0433b-a53e-4934-8b94-c678aa2cbaf3/2004/OH-2004.zip,Unprocessed
https://s3-us-gov-west-1.amazonaws.com/cg-d3f0433b-a53e-4934-8b94-c678aa2cbaf3/2005/OH-2005.zip,Unprocessed
https://s3-us-gov-west-1.amazonaws.com/cg-d3f0433b-a53e-4934-8b94-c678aa2cbaf3/2006/OH-2006.zip,Unprocessed
https://s3-us-gov-west-1.amazonaws.com/cg-d3f0433b-a53e-4934-8b94-c678aa2cbaf3/2007/OH-2007.zip,Unprocessed
https://s3-us-gov-west-1.amazonaws.com/cg-d3f0433b-a53e-4934-8b94-c678aa2cbaf3/2008/OH-2008.zip,Unprocessed
https://s3-us-gov-west-1.amazonaws.com/cg-d3f0433b-a53e-4934-8b94-c678aa2cbaf3/2009/OH-2009.zip,Unprocessed
https://s3-us-gov-west-1.amazonaws.com/cg-d3f0433b-a53e-4934-8b94-c678aa2cbaf3/2010/OH-2010.zip,Unprocessed
https://s3-us-gov-west-1.amazonaws.com/cg-d3f0433b-a53e-4934-8b94-c678aa2cbaf3/2011/OH-2011.zip,Unprocessed
https://s3-us-gov-west-1.amazonaws.com/cg-d3f0433b-a53e-4934-8b94-c678aa2cbaf3/2012/OH-2012.zip,Unprocessed
https://s3-us-gov-west-1.amazonaws.com/cg-d3f0433b-a53e-4934-8b94-c678aa2cbaf3/2013/OH-2013.zip,Unprocessed
https://s3-us-gov-west-1.amazonaws.com/cg-d3f0433b-a53e-4934-8b94-c678aa2cbaf3/2014/OH-2014.zip,Unprocessed
https://s3-us-gov-west-1.amazonaws.com/cg-d3f0433b-a53e-4934-8b94-c678aa2cbaf3/2015/OH-2015.zip,Unprocessed
https://s3-us-gov-west-1.amazonaws.com/cg-d3f0433b-a53e-4934-8b94-c678aa2cbaf3/2016/OH-2016.zip,Unprocessed
https://s3-us-gov-west-1.amazonaws.com/cg-d4b776d0-d898-4153-90c8-8336f86bdfec/2016/OH-2016.zip,Unprocessed
https://s3-us-gov-west-1.amazonaws.com/cg-d4b776d0-d898-4153-90c8-8336f86bdfec/2017/OH-2017.zip,Unprocessed
https://s3-us-gov-west-1.amazonaws.com/cg-d4b776d0-d898-4153-90c8-8336f86bdfec/2018/OH-2018.zip,Unprocessed
https://s3-us-gov-west-1.amazonaws.com/cg-d4b776d0-d898-4153-90c8-8336f86bdfec/2019/OH-2019.zip,Unprocessed
https://s3-us-gov-west-1.amazonaws.com/cg-d3f0433b-a53e-4934-8b94-c678aa2cbaf3/2008/OK-2008.zip,Unprocessed
https://s3-us-gov-west-1.amazonaws.com/cg-d3f0433b-a53e-4934-8b94-c678aa2cbaf3/2009/OK-2009.zip,Unprocessed
https://s3-us-gov-west-1.amazonaws.com/cg-d3f0433b-a53e-4934-8b94-c678aa2cbaf3/2010/OK-2010.zip,Unprocessed
https://s3-us-gov-west-1.amazonaws.com/cg-d3f0433b-a53e-4934-8b94-c678aa2cbaf3/2011/OK-2011.zip,Unprocessed
https://s3-us-gov-west-1.amazonaws.com/cg-d3f0433b-a53e-4934-8b94-c678aa2cbaf3/2012/OK-2012.zip,Unprocessed
https://s3-us-gov-west-1.amazonaws.com/cg-d3f0433b-a53e-4934-8b94-c678aa2cbaf3/2013/OK-2013.zip,Unprocessed
https://s3-us-gov-west-1.amazonaws.com/cg-d3f0433b-a53e-4934-8b94-c678aa2cbaf3/2014/OK-2014.zip,Unprocessed
https://s3-us-gov-west-1.amazonaws.com/cg-d3f0433b-a53e-4934-8b94-c678aa2cbaf3/2015/OK-2015.zip,Unprocessed
https://s3-us-gov-west-1.amazonaws.com/cg-d3f0433b-a53e-4934-8b94-c678aa2cbaf3/2016/OK-2016.zip,Unprocessed
https://s3-us-gov-west-1.amazonaws.com/cg-d4b776d0-d898-4153-90c8-8336f86bdfec/2016/OK-2016.zip,Unprocessed
https://s3-us-gov-west-1.amazonaws.com/cg-d4b776d0-d898-4153-90c8-8336f86bdfec/2017/OK-2017.zip,Unprocessed
https://s3-us-gov-west-1.amazonaws.com/cg-d4b776d0-d898-4153-90c8-8336f86bdfec/2018/OK-2018.zip,Unprocessed
https://s3-us-gov-west-1.amazonaws.com/cg-d4b776d0-d898-4153-90c8-8336f86bdfec/2019/OK-2019.zip,Unprocessed
https://s3-us-gov-west-1.amazonaws.com/cg-d3f0433b-a53e-4934-8b94-c678aa2cbaf3/2003/OR-2003.zip,Unprocessed
https://s3-us-gov-west-1.amazonaws.com/cg-d3f0433b-a53e-4934-8b94-c678aa2cbaf3/2004/OR-2004.zip,Unprocessed
https://s3-us-gov-west-1.amazonaws.com/cg-d3f0433b-a53e-4934-8b94-c678aa2cbaf3/2005/OR-2005.zip,Unprocessed
https://s3-us-gov-west-1.amazonaws.com/cg-d3f0433b-a53e-4934-8b94-c678aa2cbaf3/2006/OR-2006.zip,Unprocessed
https://s3-us-gov-west-1.amazonaws.com/cg-d3f0433b-a53e-4934-8b94-c678aa2cbaf3/2007/OR-2007.zip,Unprocessed
https://s3-us-gov-west-1.amazonaws.com/cg-d3f0433b-a53e-4934-8b94-c678aa2cbaf3/2008/OR-2008.zip,Unprocessed
https://s3-us-gov-west-1.amazonaws.com/cg-d3f0433b-a53e-4934-8b94-c678aa2cbaf3/2009/OR-2009.zip,Unprocessed
https://s3-us-gov-west-1.amazonaws.com/cg-d3f0433b-a53e-4934-8b94-c678aa2cbaf3/2010/OR-2010.zip,Unprocessed
https://s3-us-gov-west-1.amazonaws.com/cg-d3f0433b-a53e-4934-8b94-c678aa2cbaf3/2011/OR-2011.zip,Unprocessed
https://s3-us-gov-west-1.amazonaws.com/cg-d3f0433b-a53e-4934-8b94-c678aa2cbaf3/2012/OR-2012.zip,Unprocessed
https://s3-us-gov-west-1.amazonaws.com/cg-d3f0433b-a53e-4934-8b94-c678aa2cbaf3/2013/OR-2013.zip,Unprocessed
https://s3-us-gov-west-1.amazonaws.com/cg-d3f0433b-a53e-4934-8b94-c678aa2cbaf3/2014/OR-2014.zip,Unprocessed
https://s3-us-gov-west-1.amazonaws.com/cg-d3f0433b-a53e-4934-8b94-c678aa2cbaf3/2015/OR-2015.zip,Unprocessed
https://s3-us-gov-west-1.amazonaws.com/cg-d3f0433b-a53e-4934-8b94-c678aa2cbaf3/2016/OR-2016.zip,Unprocessed
https://s3-us-gov-west-1.amazonaws.com/cg-d4b776d0-d898-4153-90c8-8336f86bdfec/2016/OR-2016.zip,Unprocessed
https://s3-us-gov-west-1.amazonaws.com/cg-d4b776d0-d898-4153-90c8-8336f86bdfec/2017/OR-2017.zip,Unprocessed
https://s3-us-gov-west-1.amazonaws.com/cg-d4b776d0-d898-4153-90c8-8336f86bdfec/2018/OR-2018.zip,Unprocessed
https://s3-us-gov-west-1.amazonaws.com/cg-d4b776d0-d898-4153-90c8-8336f86bdfec/2019/OR-2019.zip,Unprocessed
https://s3-us-gov-west-1.amazonaws.com/cg-d3f0433b-a53e-4934-8b94-c678aa2cbaf3/2012/PA-2012.zip,Unprocessed
https://s3-us-gov-west-1.amazonaws.com/cg-d3f0433b-a53e-4934-8b94-c678aa2cbaf3/2013/PA-2013.zip,Unprocessed
https://s3-us-gov-west-1.amazonaws.com/cg-d3f0433b-a53e-4934-8b94-c678aa2cbaf3/2014/PA-2014.zip,Unprocessed
https://s3-us-gov-west-1.amazonaws.com/cg-d3f0433b-a53e-4934-8b94-c678aa2cbaf3/2015/PA-2015.zip,Unprocessed
https://s3-us-gov-west-1.amazonaws.com/cg-d3f0433b-a53e-4934-8b94-c678aa2cbaf3/2016/PA-2016.zip,Unprocessed
https://s3-us-gov-west-1.amazonaws.com/cg-d4b776d0-d898-4153-90c8-8336f86bdfec/2016/PA-2016.zip,Unprocessed
https://s3-us-gov-west-1.amazonaws.com/cg-d4b776d0-d898-4153-90c8-8336f86bdfec/2017/PA-2017.zip,Unprocessed
https://s3-us-gov-west-1.amazonaws.com/cg-d4b776d0-d898-4153-90c8-8336f86bdfec/2018/PA-2018.zip,Unprocessed
https://s3-us-gov-west-1.amazonaws.com/cg-d4b776d0-d898-4153-90c8-8336f86bdfec/2019/PA-2019.zip,Unprocessed
https://s3-us-gov-west-1.amazonaws.com/cg-d3f0433b-a53e-4934-8b94-c678aa2cbaf3/2004/RI-2004.zip,Unprocessed
https://s3-us-gov-west-1.amazonaws.com/cg-d3f0433b-a53e-4934-8b94-c678aa2cbaf3/2005/RI-2005.zip,Unprocessed
https://s3-us-gov-west-1.amazonaws.com/cg-d3f0433b-a53e-4934-8b94-c678aa2cbaf3/2006/RI-2006.zip,Unprocessed
https://s3-us-gov-west-1.amazonaws.com/cg-d3f0433b-a53e-4934-8b94-c678aa2cbaf3/2007/RI-2007.zip,Unprocessed
https://s3-us-gov-west-1.amazonaws.com/cg-d3f0433b-a53e-4934-8b94-c678aa2cbaf3/2008/RI-2008.zip,Unprocessed
https://s3-us-gov-west-1.amazonaws.com/cg-d3f0433b-a53e-4934-8b94-c678aa2cbaf3/2009/RI-2009.zip,Unprocessed
https://s3-us-gov-west-1.amazonaws.com/cg-d3f0433b-a53e-4934-8b94-c678aa2cbaf3/2010/RI-2010.zip,Unprocessed
https://s3-us-gov-west-1.amazonaws.com/cg-d3f0433b-a53e-4934-8b94-c678aa2cbaf3/2011/RI-2011.zip,Unprocessed
https://s3-us-gov-west-1.amazonaws.com/cg-d3f0433b-a53e-4934-8b94-c678aa2cbaf3/2012/RI-2012.zip,Unprocessed
https://s3-us-gov-west-1.amazonaws.com/cg-d3f0433b-a53e-4934-8b94-c678aa2cbaf3/2013/RI-2013.zip,Unprocessed
https://s3-us-gov-west-1.amazonaws.com/cg-d3f0433b-a53e-4934-8b94-c678aa2cbaf3/2014/RI-2014.zip,Unprocessed
https://s3-us-gov-west-1.amazonaws.com/cg-d3f0433b-a53e-4934-8b94-c678aa2cbaf3/2015/RI-2015.zip,Unprocessed
https://s3-us-gov-west-1.amazonaws.com/cg-d3f0433b-a53e-4934-8b94-c678aa2cbaf3/2016/RI-2016.zip,Unprocessed
https://s3-us-gov-west-1.amazonaws.com/cg-d4b776d0-d898-4153-90c8-8336f86bdfec/2016/RI-2016.zip,Unprocessed
https://s3-us-gov-west-1.amazonaws.com/cg-d4b776d0-d898-4153-90c8-8336f86bdfec/2017/RI-2017.zip,Unprocessed
https://s3-us-gov-west-1.amazonaws.com/cg-d4b776d0-d898-4153-90c8-8336f86bdfec/2018/RI-2018.zip,Unprocessed
https://s3-us-gov-west-1.amazonaws.com/cg-d4b776d0-d898-4153-90c8-8336f86bdfec/2019/RI-2019.zip,Unprocessed
https://s3-us-gov-west-1.amazonaws.com/cg-d3f0433b-a53e-4934-8b94-c678aa2cbaf3/1991/SC-1991.zip,Unprocessed
https://s3-us-gov-west-1.amazonaws.com/cg-d3f0433b-a53e-4934-8b94-c678aa2cbaf3/1992/SC-1992.zip,Unprocessed
https://s3-us-gov-west-1.amazonaws.com/cg-d3f0433b-a53e-4934-8b94-c678aa2cbaf3/1993/SC-1993.zip,Unprocessed
https://s3-us-gov-west-1.amazonaws.com/cg-d3f0433b-a53e-4934-8b94-c678aa2cbaf3/1994/SC-1994.zip,Unprocessed
https://s3-us-gov-west-1.amazonaws.com/cg-d3f0433b-a53e-4934-8b94-c678aa2cbaf3/1995/SC-1995.zip,Unprocessed
https://s3-us-gov-west-1.amazonaws.com/cg-d3f0433b-a53e-4934-8b94-c678aa2cbaf3/1996/SC-1996.zip,Unprocessed
https://s3-us-gov-west-1.amazonaws.com/cg-d3f0433b-a53e-4934-8b94-c678aa2cbaf3/1997/SC-1997.zip,Unprocessed
https://s3-us-gov-west-1.amazonaws.com/cg-d3f0433b-a53e-4934-8b94-c678aa2cbaf3/1998/SC-1998.zip,Unprocessed
https://s3-us-gov-west-1.amazonaws.com/cg-d3f0433b-a53e-4934-8b94-c678aa2cbaf3/1999/SC-1999.zip,Unprocessed
https://s3-us-gov-west-1.amazonaws.com/cg-d3f0433b-a53e-4934-8b94-c678aa2cbaf3/2000/SC-2000.zip,Unprocessed
https://s3-us-gov-west-1.amazonaws.com/cg-d3f0433b-a53e-4934-8b94-c678aa2cbaf3/2001/SC-2001.zip,Unprocessed
https://s3-us-gov-west-1.amazonaws.com/cg-d3f0433b-a53e-4934-8b94-c678aa2cbaf3/2002/SC-2002.zip,Unprocessed
https://s3-us-gov-west-1.amazonaws.com/cg-d3f0433b-a53e-4934-8b94-c678aa2cbaf3/2003/SC-2003.zip,Unprocessed
https://s3-us-gov-west-1.amazonaws.com/cg-d3f0433b-a53e-4934-8b94-c678aa2cbaf3/2004/SC-2004.zip,Unprocessed
https://s3-us-gov-west-1.amazonaws.com/cg-d3f0433b-a53e-4934-8b94-c678aa2cbaf3/2005/SC-2005.zip,Unprocessed
https://s3-us-gov-west-1.amazonaws.com/cg-d3f0433b-a53e-4934-8b94-c678aa2cbaf3/2006/SC-2006.zip,Unprocessed
https://s3-us-gov-west-1.amazonaws.com/cg-d3f0433b-a53e-4934-8b94-c678aa2cbaf3/2007/SC-2007.zip,Unprocessed
https://s3-us-gov-west-1.amazonaws.com/cg-d3f0433b-a53e-4934-8b94-c678aa2cbaf3/2008/SC-2008.zip,Unprocessed
https://s3-us-gov-west-1.amazonaws.com/cg-d3f0433b-a53e-4934-8b94-c678aa2cbaf3/2009/SC-2009.zip,Unprocessed
https://s3-us-gov-west-1.amazonaws.com/cg-d3f0433b-a53e-4934-8b94-c678aa2cbaf3/2010/SC-2010.zip,Unprocessed
https://s3-us-gov-west-1.amazonaws.com/cg-d3f0433b-a53e-4934-8b94-c678aa2cbaf3/2011/SC-2011.zip,Unprocessed
https://s3-us-gov-west-1.amazonaws.com/cg-d3f0433b-a53e-4934-8b94-c678aa2cbaf3/2012/SC-2012.zip,Unprocessed
https://s3-us-gov-west-1.amazonaws.com/cg-d3f0433b-a53e-4934-8b94-c678aa2cbaf3/2013/SC-2013.zip,Unprocessed
https://s3-us-gov-west-1.amazonaws.com/cg-d3f0433b-a53e-4934-8b94-c678aa2cbaf3/2014/SC-2014.zip,Unprocessed
https://s3-us-gov-west-1.amazonaws.com/cg-d3f0433b-a53e-4934-8b94-c678aa2cbaf3/2015/SC-2015.zip,Unprocessed
https://s3-us-gov-west-1.amazonaws.com/cg-d3f0433b-a53e-4934-8b94-c678aa2cbaf3/2016/SC-2016.zip,Unprocessed
https://s3-us-gov-west-1.amazonaws.com/cg-d4b776d0-d898-4153-90c8-8336f86bdfec/2016/SC-2016.zip,Unprocessed
https://s3-us-gov-west-1.amazonaws.com/cg-d4b776d0-d898-4153-90c8-8336f86bdfec/2017/SC-2017.zip,Unprocessed
https://s3-us-gov-west-1.amazonaws.com/cg-d4b776d0-d898-4153-90c8-8336f86bdfec/2018/SC-2018.zip,Unprocessed
https://s3-us-gov-west-1.amazonaws.com/cg-d4b776d0-d898-4153-90c8-8336f86bdfec/2019/SC-2019.zip,Unprocessed
https://s3-us-gov-west-1.amazonaws.com/cg-d3f0433b-a53e-4934-8b94-c678aa2cbaf3/2000/SD-2000.zip,Unprocessed
https://s3-us-gov-west-1.amazonaws.com/cg-d3f0433b-a53e-4934-8b94-c678aa2cbaf3/2001/SD-2001.zip,Unprocessed
https://s3-us-gov-west-1.amazonaws.com/cg-d3f0433b-a53e-4934-8b94-c678aa2cbaf3/2002/SD-2002.zip,Unprocessed
https://s3-us-gov-west-1.amazonaws.com/cg-d3f0433b-a53e-4934-8b94-c678aa2cbaf3/2003/SD-2003.zip,Unprocessed
https://s3-us-gov-west-1.amazonaws.com/cg-d3f0433b-a53e-4934-8b94-c678aa2cbaf3/2004/SD-2004.zip,Unprocessed
https://s3-us-gov-west-1.amazonaws.com/cg-d3f0433b-a53e-4934-8b94-c678aa2cbaf3/2005/SD-2005.zip,Unprocessed
https://s3-us-gov-west-1.amazonaws.com/cg-d3f0433b-a53e-4934-8b94-c678aa2cbaf3/2006/SD-2006.zip,Unprocessed
https://s3-us-gov-west-1.amazonaws.com/cg-d3f0433b-a53e-4934-8b94-c678aa2cbaf3/2007/SD-2007.zip,Unprocessed
https://s3-us-gov-west-1.amazonaws.com/cg-d3f0433b-a53e-4934-8b94-c678aa2cbaf3/2008/SD-2008.zip,Unprocessed
https://s3-us-gov-west-1.amazonaws.com/cg-d3f0433b-a53e-4934-8b94-c678aa2cbaf3/2009/SD-2009.zip,Unprocessed
https://s3-us-gov-west-1.amazonaws.com/cg-d3f0433b-a53e-4934-8b94-c678aa2cbaf3/2010/SD-2010.zip,Unprocessed
https://s3-us-gov-west-1.amazonaws.com/cg-d3f0433b-a53e-4934-8b94-c678aa2cbaf3/2011/SD-2011.zip,Unprocessed
https://s3-us-gov-west-1.amazonaws.com/cg-d3f0433b-a53e-4934-8b94-c678aa2cbaf3/2012/SD-2012.zip,Unprocessed
https://s3-us-gov-west-1.amazonaws.com/cg-d3f0433b-a53e-4934-8b94-c678aa2cbaf3/2013/SD-2013.zip,Unprocessed
https://s3-us-gov-west-1.amazonaws.com/cg-d3f0433b-a53e-4934-8b94-c678aa2cbaf3/2014/SD-2014.zip,Unprocessed
https://s3-us-gov-west-1.amazonaws.com/cg-d3f0433b-a53e-4934-8b94-c678aa2cbaf3/2015/SD-2015.zip,Unprocessed
https://s3-us-gov-west-1.amazonaws.com/cg-d3f0433b-a53e-4934-8b94-c678aa2cbaf3/2016/SD-2016.zip,Unprocessed
https://s3-us-gov-west-1.amazonaws.com/cg-d4b776d0-d898-4153-90c8-8336f86bdfec/2016/SD-2016.zip,Unprocessed
https://s3-us-gov-west-1.amazonaws.com/cg-d4b776d0-d898-4153-90c8-8336f86bdfec/2017/SD-2017.zip,Unprocessed
https://s3-us-gov-west-1.amazonaws.com/cg-d4b776d0-d898-4153-90c8-8336f86bdfec/2018/SD-2018.zip,Unprocessed
https://s3-us-gov-west-1.amazonaws.com/cg-d4b776d0-d898-4153-90c8-8336f86bdfec/2019/SD-2019.zip,Unprocessed
https://s3-us-gov-west-1.amazonaws.com/cg-d3f0433b-a53e-4934-8b94-c678aa2cbaf3/1997/TN-1997.zip,Unprocessed
https://s3-us-gov-west-1.amazonaws.com/cg-d3f0433b-a53e-4934-8b94-c678aa2cbaf3/1998/TN-1998.zip,Unprocessed
https://s3-us-gov-west-1.amazonaws.com/cg-d3f0433b-a53e-4934-8b94-c678aa2cbaf3/1999/TN-1999.zip,Unprocessed
https://s3-us-gov-west-1.amazonaws.com/cg-d3f0433b-a53e-4934-8b94-c678aa2cbaf3/2000/TN-2000.zip,Unprocessed
https://s3-us-gov-west-1.amazonaws.com/cg-d3f0433b-a53e-4934-8b94-c678aa2cbaf3/2001/TN-2001.zip,Unprocessed
https://s3-us-gov-west-1.amazonaws.com/cg-d3f0433b-a53e-4934-8b94-c678aa2cbaf3/2002/TN-2002.zip,Unprocessed
https://s3-us-gov-west-1.amazonaws.com/cg-d3f0433b-a53e-4934-8b94-c678aa2cbaf3/2003/TN-2003.zip,Unprocessed
https://s3-us-gov-west-1.amazonaws.com/cg-d3f0433b-a53e-4934-8b94-c678aa2cbaf3/2004/TN-2004.zip,Unprocessed
https://s3-us-gov-west-1.amazonaws.com/cg-d3f0433b-a53e-4934-8b94-c678aa2cbaf3/2005/TN-2005.zip,Unprocessed
https://s3-us-gov-west-1.amazonaws.com/cg-d3f0433b-a53e-4934-8b94-c678aa2cbaf3/2006/TN-2006.zip,Unprocessed
https://s3-us-gov-west-1.amazonaws.com/cg-d3f0433b-a53e-4934-8b94-c678aa2cbaf3/2007/TN-2007.zip,Unprocessed
https://s3-us-gov-west-1.amazonaws.com/cg-d3f0433b-a53e-4934-8b94-c678aa2cbaf3/2008/TN-2008.zip,Unprocessed
https://s3-us-gov-west-1.amazonaws.com/cg-d3f0433b-a53e-4934-8b94-c678aa2cbaf3/2009/TN-2009.zip,Unprocessed
https://s3-us-gov-west-1.amazonaws.com/cg-d3f0433b-a53e-4934-8b94-c678aa2cbaf3/2010/TN-2010.zip,Unprocessed
https://s3-us-gov-west-1.amazonaws.com/cg-d3f0433b-a53e-4934-8b94-c678aa2cbaf3/2011/TN-2011.zip,Unprocessed
https://s3-us-gov-west-1.amazonaws.com/cg-d3f0433b-a53e-4934-8b94-c678aa2cbaf3/2012/TN-2012.zip,Unprocessed
https://s3-us-gov-west-1.amazonaws.com/cg-d3f0433b-a53e-4934-8b94-c678aa2cbaf3/2013/TN-2013.zip,Unprocessed
https://s3-us-gov-west-1.amazonaws.com/cg-d3f0433b-a53e-4934-8b94-c678aa2cbaf3/2014/TN-2014.zip,Unprocessed
https://s3-us-gov-west-1.amazonaws.com/cg-d3f0433b-a53e-4934-8b94-c678aa2cbaf3/2015/TN-2015.zip,Unprocessed
https://s3-us-gov-west-1.amazonaws.com/cg-d3f0433b-a53e-4934-8b94-c678aa2cbaf3/2016/TN-2016.zip,Unprocessed
https://s3-us-gov-west-1.amazonaws.com/cg-d4b776d0-d898-4153-90c8-8336f86bdfec/2016/TN-2016.zip,Unprocessed
https://s3-us-gov-west-1.amazonaws.com/cg-d4b776d0-d898-4153-90c8-8336f86bdfec/2017/TN-2017.zip,Unprocessed
https://s3-us-gov-west-1.amazonaws.com/cg-d4b776d0-d898-4153-90c8-8336f86bdfec/2018/TN-2018.zip,Unprocessed
https://s3-us-gov-west-1.amazonaws.com/cg-d4b776d0-d898-4153-90c8-8336f86bdfec/2019/TN-2019.zip,Unprocessed
https://s3-us-gov-west-1.amazonaws.com/cg-d3f0433b-a53e-4934-8b94-c678aa2cbaf3/1997/TX-1997.zip,Unprocessed
https://s3-us-gov-west-1.amazonaws.com/cg-d3f0433b-a53e-4934-8b94-c678aa2cbaf3/1998/TX-1998.zip,Unprocessed
https://s3-us-gov-west-1.amazonaws.com/cg-d3f0433b-a53e-4934-8b94-c678aa2cbaf3/1999/TX-1999.zip,Unprocessed
https://s3-us-gov-west-1.amazonaws.com/cg-d3f0433b-a53e-4934-8b94-c678aa2cbaf3/2000/TX-2000.zip,Unprocessed
https://s3-us-gov-west-1.amazonaws.com/cg-d3f0433b-a53e-4934-8b94-c678aa2cbaf3/2001/TX-2001.zip,Unprocessed
https://s3-us-gov-west-1.amazonaws.com/cg-d3f0433b-a53e-4934-8b94-c678aa2cbaf3/2002/TX-2002.zip,Unprocessed
https://s3-us-gov-west-1.amazonaws.com/cg-d3f0433b-a53e-4934-8b94-c678aa2cbaf3/2003/TX-2003.zip,Unprocessed
https://s3-us-gov-west-1.amazonaws.com/cg-d3f0433b-a53e-4934-8b94-c678aa2cbaf3/2004/TX-2004.zip,Unprocessed
https://s3-us-gov-west-1.amazonaws.com/cg-d3f0433b-a53e-4934-8b94-c678aa2cbaf3/2005/TX-2005.zip,Unprocessed
https://s3-us-gov-west-1.amazonaws.com/cg-d3f0433b-a53e-4934-8b94-c678aa2cbaf3/2006/TX-2006.zip,Unprocessed
https://s3-us-gov-west-1.amazonaws.com/cg-d3f0433b-a53e-4934-8b94-c678aa2cbaf3/2007/TX-2007.zip,Unprocessed
https://s3-us-gov-west-1.amazonaws.com/cg-d3f0433b-a53e-4934-8b94-c678aa2cbaf3/2008/TX-2008.zip,Unprocessed
https://s3-us-gov-west-1.amazonaws.com/cg-d3f0433b-a53e-4934-8b94-c678aa2cbaf3/2009/TX-2009.zip,Unprocessed
https://s3-us-gov-west-1.amazonaws.com/cg-d3f0433b-a53e-4934-8b94-c678aa2cbaf3/2010/TX-2010.zip,Unprocessed
https://s3-us-gov-west-1.amazonaws.com/cg-d3f0433b-a53e-4934-8b94-c678aa2cbaf3/2011/TX-2011.zip,Unprocessed
https://s3-us-gov-west-1.amazonaws.com/cg-d3f0433b-a53e-4934-8b94-c678aa2cbaf3/2012/TX-2012.zip,Unprocessed
https://s3-us-gov-west-1.amazonaws.com/cg-d3f0433b-a53e-4934-8b94-c678aa2cbaf3/2013/TX-2013.zip,Unprocessed
https://s3-us-gov-west-1.amazonaws.com/cg-d3f0433b-a53e-4934-8b94-c678aa2cbaf3/2014/TX-2014.zip,Unprocessed
https://s3-us-gov-west-1.amazonaws.com/cg-d3f0433b-a53e-4934-8b94-c678aa2cbaf3/2015/TX-2015.zip,Unprocessed
https://s3-us-gov-west-1.amazonaws.com/cg-d3f0433b-a53e-4934-8b94-c678aa2cbaf3/2016/TX-2016.zip,Unprocessed
https://s3-us-gov-west-1.amazonaws.com/cg-d4b776d0-d898-4153-90c8-8336f86bdfec/2016/TX-2016.zip,Unprocessed
https://s3-us-gov-west-1.amazonaws.com/cg-d4b776d0-d898-4153-90c8-8336f86bdfec/2017/TX-2017.zip,Unprocessed
https://s3-us-gov-west-1.amazonaws.com/cg-d4b776d0-d898-4153-90c8-8336f86bdfec/2018/TX-2018.zip,Unprocessed
https://s3-us-gov-west-1.amazonaws.com/cg-d4b776d0-d898-4153-90c8-8336f86bdfec/2019/TX-2019.zip,Unprocessed
https://s3-us-gov-west-1.amazonaws.com/cg-d3f0433b-a53e-4934-8b94-c678aa2cbaf3/1993/UT-1993.zip,Unprocessed
https://s3-us-gov-west-1.amazonaws.com/cg-d3f0433b-a53e-4934-8b94-c678aa2cbaf3/1994/UT-1994.zip,Unprocessed
https://s3-us-gov-west-1.amazonaws.com/cg-d3f0433b-a53e-4934-8b94-c678aa2cbaf3/1995/UT-1995.zip,Unprocessed
https://s3-us-gov-west-1.amazonaws.com/cg-d3f0433b-a53e-4934-8b94-c678aa2cbaf3/1996/UT-1996.zip,Unprocessed
https://s3-us-gov-west-1.amazonaws.com/cg-d3f0433b-a53e-4934-8b94-c678aa2cbaf3/1997/UT-1997.zip,Unprocessed
https://s3-us-gov-west-1.amazonaws.com/cg-d3f0433b-a53e-4934-8b94-c678aa2cbaf3/1998/UT-1998.zip,Unprocessed
https://s3-us-gov-west-1.amazonaws.com/cg-d3f0433b-a53e-4934-8b94-c678aa2cbaf3/1999/UT-1999.zip,Unprocessed
https://s3-us-gov-west-1.amazonaws.com/cg-d3f0433b-a53e-4934-8b94-c678aa2cbaf3/2000/UT-2000.zip,Unprocessed
https://s3-us-gov-west-1.amazonaws.com/cg-d3f0433b-a53e-4934-8b94-c678aa2cbaf3/2001/UT-2001.zip,Unprocessed
https://s3-us-gov-west-1.amazonaws.com/cg-d3f0433b-a53e-4934-8b94-c678aa2cbaf3/2002/UT-2002.zip,Unprocessed
https://s3-us-gov-west-1.amazonaws.com/cg-d3f0433b-a53e-4934-8b94-c678aa2cbaf3/2003/UT-2003.zip,Unprocessed
https://s3-us-gov-west-1.amazonaws.com/cg-d3f0433b-a53e-4934-8b94-c678aa2cbaf3/2004/UT-2004.zip,Unprocessed
https://s3-us-gov-west-1.amazonaws.com/cg-d3f0433b-a53e-4934-8b94-c678aa2cbaf3/2005/UT-2005.zip,Unprocessed
https://s3-us-gov-west-1.amazonaws.com/cg-d3f0433b-a53e-4934-8b94-c678aa2cbaf3/2006/UT-2006.zip,Unprocessed
https://s3-us-gov-west-1.amazonaws.com/cg-d3f0433b-a53e-4934-8b94-c678aa2cbaf3/2007/UT-2007.zip,Unprocessed
https://s3-us-gov-west-1.amazonaws.com/cg-d3f0433b-a53e-4934-8b94-c678aa2cbaf3/2008/UT-2008.zip,Unprocessed
https://s3-us-gov-west-1.amazonaws.com/cg-d3f0433b-a53e-4934-8b94-c678aa2cbaf3/2009/UT-2009.zip,Unprocessed
https://s3-us-gov-west-1.amazonaws.com/cg-d3f0433b-a53e-4934-8b94-c678aa2cbaf3/2010/UT-2010.zip,Unprocessed
https://s3-us-gov-west-1.amazonaws.com/cg-d3f0433b-a53e-4934-8b94-c678aa2cbaf3/2011/UT-2011.zip,Unprocessed
https://s3-us-gov-west-1.amazonaws.com/cg-d3f0433b-a53e-4934-8b94-c678aa2cbaf3/2012/UT-2012.zip,Unprocessed
https://s3-us-gov-west-1.amazonaws.com/cg-d3f0433b-a53e-4934-8b94-c678aa2cbaf3/2013/UT-2013.zip,Unprocessed
https://s3-us-gov-west-1.amazonaws.com/cg-d3f0433b-a53e-4934-8b94-c678aa2cbaf3/2014/UT-2014.zip,Unprocessed
https://s3-us-gov-west-1.amazonaws.com/cg-d3f0433b-a53e-4934-8b94-c678aa2cbaf3/2015/UT-2015.zip,Unprocessed
https://s3-us-gov-west-1.amazonaws.com/cg-d3f0433b-a53e-4934-8b94-c678aa2cbaf3/2016/UT-2016.zip,Unprocessed
https://s3-us-gov-west-1.amazonaws.com/cg-d4b776d0-d898-4153-90c8-8336f86bdfec/2016/UT-2016.zip,Unprocessed
https://s3-us-gov-west-1.amazonaws.com/cg-d4b776d0-d898-4153-90c8-8336f86bdfec/2017/UT-2017.zip,Unprocessed
https://s3-us-gov-west-1.amazonaws.com/cg-d4b776d0-d898-4153-90c8-8336f86bdfec/2018/UT-2018.zip,Unprocessed
https://s3-us-gov-west-1.amazonaws.com/cg-d4b776d0-d898-4153-90c8-8336f86bdfec/2019/UT-2019.zip,Unprocessed
https://s3-us-gov-west-1.amazonaws.com/cg-d3f0433b-a53e-4934-8b94-c678aa2cbaf3/1993/VT-1993.zip,Unprocessed
https://s3-us-gov-west-1.amazonaws.com/cg-d3f0433b-a53e-4934-8b94-c678aa2cbaf3/1994/VT-1994.zip,Unprocessed
https://s3-us-gov-west-1.amazonaws.com/cg-d3f0433b-a53e-4934-8b94-c678aa2cbaf3/1995/VT-1995.zip,Unprocessed
https://s3-us-gov-west-1.amazonaws.com/cg-d3f0433b-a53e-4934-8b94-c678aa2cbaf3/1996/VT-1996.zip,Unprocessed
https://s3-us-gov-west-1.amazonaws.com/cg-d3f0433b-a53e-4934-8b94-c678aa2cbaf3/1997/VT-1997.zip,Unprocessed
https://s3-us-gov-west-1.amazonaws.com/cg-d3f0433b-a53e-4934-8b94-c678aa2cbaf3/1998/VT-1998.zip,Unprocessed
https://s3-us-gov-west-1.amazonaws.com/cg-d3f0433b-a53e-4934-8b94-c678aa2cbaf3/1999/VT-1999.zip,Unprocessed
https://s3-us-gov-west-1.amazonaws.com/cg-d3f0433b-a53e-4934-8b94-c678aa2cbaf3/2000/VT-2000.zip,Unprocessed
https://s3-us-gov-west-1.amazonaws.com/cg-d3f0433b-a53e-4934-8b94-c678aa2cbaf3/2001/VT-2001.zip,Unprocessed
https://s3-us-gov-west-1.amazonaws.com/cg-d3f0433b-a53e-4934-8b94-c678aa2cbaf3/2002/VT-2002.zip,Unprocessed
https://s3-us-gov-west-1.amazonaws.com/cg-d3f0433b-a53e-4934-8b94-c678aa2cbaf3/2003/VT-2003.zip,Unprocessed
https://s3-us-gov-west-1.amazonaws.com/cg-d3f0433b-a53e-4934-8b94-c678aa2cbaf3/2004/VT-2004.zip,Unprocessed
https://s3-us-gov-west-1.amazonaws.com/cg-d3f0433b-a53e-4934-8b94-c678aa2cbaf3/2005/VT-2005.zip,Unprocessed
https://s3-us-gov-west-1.amazonaws.com/cg-d3f0433b-a53e-4934-8b94-c678aa2cbaf3/2006/VT-2006.zip,Unprocessed
https://s3-us-gov-west-1.amazonaws.com/cg-d3f0433b-a53e-4934-8b94-c678aa2cbaf3/2007/VT-2007.zip,Unprocessed
https://s3-us-gov-west-1.amazonaws.com/cg-d3f0433b-a53e-4934-8b94-c678aa2cbaf3/2008/VT-2008.zip,Unprocessed
https://s3-us-gov-west-1.amazonaws.com/cg-d3f0433b-a53e-4934-8b94-c678aa2cbaf3/2009/VT-2009.zip,Unprocessed
https://s3-us-gov-west-1.amazonaws.com/cg-d3f0433b-a53e-4934-8b94-c678aa2cbaf3/2010/VT-2010.zip,Unprocessed
https://s3-us-gov-west-1.amazonaws.com/cg-d3f0433b-a53e-4934-8b94-c678aa2cbaf3/2011/VT-2011.zip,Unprocessed
https://s3-us-gov-west-1.amazonaws.com/cg-d3f0433b-a53e-4934-8b94-c678aa2cbaf3/2012/VT-2012.zip,Unprocessed
https://s3-us-gov-west-1.amazonaws.com/cg-d3f0433b-a53e-4934-8b94-c678aa2cbaf3/2013/VT-2013.zip,Unprocessed
https://s3-us-gov-west-1.amazonaws.com/cg-d3f0433b-a53e-4934-8b94-c678aa2cbaf3/2014/VT-2014.zip,Unprocessed
https://s3-us-gov-west-1.amazonaws.com/cg-d3f0433b-a53e-4934-8b94-c678aa2cbaf3/2015/VT-2015.zip,Unprocessed
https://s3-us-gov-west-1.amazonaws.com/cg-d3f0433b-a53e-4934-8b94-c678aa2cbaf3/2016/VT-2016.zip,Unprocessed
https://s3-us-gov-west-1.amazonaws.com/cg-d4b776d0-d898-4153-90c8-8336f86bdfec/2016/VT-2016.zip,Unprocessed
https://s3-us-gov-west-1.amazonaws.com/cg-d4b776d0-d898-4153-90c8-8336f86bdfec/2017/VT-2017.zip,Unprocessed
https://s3-us-gov-west-1.amazonaws.com/cg-d4b776d0-d898-4153-90c8-8336f86bdfec/2018/VT-2018.zip,Unprocessed
https://s3-us-gov-west-1.amazonaws.com/cg-d4b776d0-d898-4153-90c8-8336f86bdfec/2019/VT-2019.zip,Unprocessed
https://s3-us-gov-west-1.amazonaws.com/cg-d3f0433b-a53e-4934-8b94-c678aa2cbaf3/1994/VA-1994.zip,Unprocessed
https://s3-us-gov-west-1.amazonaws.com/cg-d3f0433b-a53e-4934-8b94-c678aa2cbaf3/1995/VA-1995.zip,Unprocessed
https://s3-us-gov-west-1.amazonaws.com/cg-d3f0433b-a53e-4934-8b94-c678aa2cbaf3/1996/VA-1996.zip,Unprocessed
https://s3-us-gov-west-1.amazonaws.com/cg-d3f0433b-a53e-4934-8b94-c678aa2cbaf3/1997/VA-1997.zip,Unprocessed
https://s3-us-gov-west-1.amazonaws.com/cg-d3f0433b-a53e-4934-8b94-c678aa2cbaf3/1998/VA-1998.zip,Unprocessed
https://s3-us-gov-west-1.amazonaws.com/cg-d3f0433b-a53e-4934-8b94-c678aa2cbaf3/1999/VA-1999.zip,Unprocessed
https://s3-us-gov-west-1.amazonaws.com/cg-d3f0433b-a53e-4934-8b94-c678aa2cbaf3/2000/VA-2000.zip,Unprocessed
https://s3-us-gov-west-1.amazonaws.com/cg-d3f0433b-a53e-4934-8b94-c678aa2cbaf3/2001/VA-2001.zip,Unprocessed
https://s3-us-gov-west-1.amazonaws.com/cg-d3f0433b-a53e-4934-8b94-c678aa2cbaf3/2002/VA-2002.zip,Unprocessed
https://s3-us-gov-west-1.amazonaws.com/cg-d3f0433b-a53e-4934-8b94-c678aa2cbaf3/2003/VA-2003.zip,Unprocessed
https://s3-us-gov-west-1.amazonaws.com/cg-d3f0433b-a53e-4934-8b94-c678aa2cbaf3/2004/VA-2004.zip,Unprocessed
https://s3-us-gov-west-1.amazonaws.com/cg-d3f0433b-a53e-4934-8b94-c678aa2cbaf3/2005/VA-2005.zip,Unprocessed
https://s3-us-gov-west-1.amazonaws.com/cg-d3f0433b-a53e-4934-8b94-c678aa2cbaf3/2006/VA-2006.zip,Unprocessed
https://s3-us-gov-west-1.amazonaws.com/cg-d3f0433b-a53e-4934-8b94-c678aa2cbaf3/2007/VA-2007.zip,Unprocessed
https://s3-us-gov-west-1.amazonaws.com/cg-d3f0433b-a53e-4934-8b94-c678aa2cbaf3/2008/VA-2008.zip,Unprocessed
https://s3-us-gov-west-1.amazonaws.com/cg-d3f0433b-a53e-4934-8b94-c678aa2cbaf3/2009/VA-2009.zip,Unprocessed
https://s3-us-gov-west-1.amazonaws.com/cg-d3f0433b-a53e-4934-8b94-c678aa2cbaf3/2010/VA-2010.zip,Unprocessed
https://s3-us-gov-west-1.amazonaws.com/cg-d3f0433b-a53e-4934-8b94-c678aa2cbaf3/2011/VA-2011.zip,Unprocessed
https://s3-us-gov-west-1.amazonaws.com/cg-d3f0433b-a53e-4934-8b94-c678aa2cbaf3/2012/VA-2012.zip,Unprocessed
https://s3-us-gov-west-1.amazonaws.com/cg-d3f0433b-a53e-4934-8b94-c678aa2cbaf3/2013/VA-2013.zip,Unprocessed
https://s3-us-gov-west-1.amazonaws.com/cg-d3f0433b-a53e-4934-8b94-c678aa2cbaf3/2014/VA-2014.zip,Unprocessed
https://s3-us-gov-west-1.amazonaws.com/cg-d3f0433b-a53e-4934-8b94-c678aa2cbaf3/2015/VA-2015.zip,Unprocessed
https://s3-us-gov-west-1.amazonaws.com/cg-d3f0433b-a53e-4934-8b94-c678aa2cbaf3/2016/VA-2016.zip,Unprocessed
https://s3-us-gov-west-1.amazonaws.com/cg-d4b776d0-d898-4153-90c8-8336f86bdfec/2016/VA-2016.zip,Unprocessed
https://s3-us-gov-west-1.amazonaws.com/cg-d4b776d0-d898-4153-90c8-8336f86bdfec/2017/VA-2017.zip,Unprocessed
https://s3-us-gov-west-1.amazonaws.com/cg-d4b776d0-d898-4153-90c8-8336f86bdfec/2018/VA-2018.zip,Unprocessed
https://s3-us-gov-west-1.amazonaws.com/cg-d4b776d0-d898-4153-90c8-8336f86bdfec/2019/VA-2019.zip,Unprocessed
https://s3-us-gov-west-1.amazonaws.com/cg-d3f0433b-a53e-4934-8b94-c678aa2cbaf3/2005/WA-2005.zip,Unprocessed
https://s3-us-gov-west-1.amazonaws.com/cg-d3f0433b-a53e-4934-8b94-c678aa2cbaf3/2006/WA-2006.zip,Unprocessed
https://s3-us-gov-west-1.amazonaws.com/cg-d3f0433b-a53e-4934-8b94-c678aa2cbaf3/2007/WA-2007.zip,Unprocessed
https://s3-us-gov-west-1.amazonaws.com/cg-d3f0433b-a53e-4934-8b94-c678aa2cbaf3/2008/WA-2008.zip,Unprocessed
https://s3-us-gov-west-1.amazonaws.com/cg-d3f0433b-a53e-4934-8b94-c678aa2cbaf3/2009/WA-2009.zip,Unprocessed
https://s3-us-gov-west-1.amazonaws.com/cg-d3f0433b-a53e-4934-8b94-c678aa2cbaf3/2010/WA-2010.zip,Unprocessed
https://s3-us-gov-west-1.amazonaws.com/cg-d3f0433b-a53e-4934-8b94-c678aa2cbaf3/2011/WA-2011.zip,Unprocessed
https://s3-us-gov-west-1.amazonaws.com/cg-d3f0433b-a53e-4934-8b94-c678aa2cbaf3/2012/WA-2012.zip,Unprocessed
https://s3-us-gov-west-1.amazonaws.com/cg-d3f0433b-a53e-4934-8b94-c678aa2cbaf3/2013/WA-2013.zip,Unprocessed
https://s3-us-gov-west-1.amazonaws.com/cg-d3f0433b-a53e-4934-8b94-c678aa2cbaf3/2014/WA-2014.zip,Unprocessed
https://s3-us-gov-west-1.amazonaws.com/cg-d3f0433b-a53e-4934-8b94-c678aa2cbaf3/2015/WA-2015.zip,Unprocessed
https://s3-us-gov-west-1.amazonaws.com/cg-d3f0433b-a53e-4934-8b94-c678aa2cbaf3/2016/WA-2016.zip,Unprocessed
https://s3-us-gov-west-1.amazonaws.com/cg-d4b776d0-d898-4153-90c8-8336f86bdfec/2016/WA-2016.zip,Unprocessed
https://s3-us-gov-west-1.amazonaws.com/cg-d4b776d0-d898-4153-90c8-8336f86bdfec/2017/WA-2017.zip,Unprocessed
https://s3-us-gov-west-1.amazonaws.com/cg-d4b776d0-d898-4153-90c8-8336f86bdfec/2018/WA-2018.zip,Unprocessed
https://s3-us-gov-west-1.amazonaws.com/cg-d4b776d0-d898-4153-90c8-8336f86bdfec/2019/WA-2019.zip,Unprocessed
https://s3-us-gov-west-1.amazonaws.com/cg-d3f0433b-a53e-4934-8b94-c678aa2cbaf3/1998/WV-1998.zip,Unprocessed
https://s3-us-gov-west-1.amazonaws.com/cg-d3f0433b-a53e-4934-8b94-c678aa2cbaf3/1999/WV-1999.zip,Unprocessed
https://s3-us-gov-west-1.amazonaws.com/cg-d3f0433b-a53e-4934-8b94-c678aa2cbaf3/2000/WV-2000.zip,Unprocessed
https://s3-us-gov-west-1.amazonaws.com/cg-d3f0433b-a53e-4934-8b94-c678aa2cbaf3/2001/WV-2001.zip,Unprocessed
https://s3-us-gov-west-1.amazonaws.com/cg-d3f0433b-a53e-4934-8b94-c678aa2cbaf3/2002/WV-2002.zip,Unprocessed
https://s3-us-gov-west-1.amazonaws.com/cg-d3f0433b-a53e-4934-8b94-c678aa2cbaf3/2003/WV-2003.zip,Unprocessed
https://s3-us-gov-west-1.amazonaws.com/cg-d3f0433b-a53e-4934-8b94-c678aa2cbaf3/2004/WV-2004.zip,Unprocessed
https://s3-us-gov-west-1.amazonaws.com/cg-d3f0433b-a53e-4934-8b94-c678aa2cbaf3/2005/WV-2005.zip,Unprocessed
https://s3-us-gov-west-1.amazonaws.com/cg-d3f0433b-a53e-4934-8b94-c678aa2cbaf3/2006/WV-2006.zip,Unprocessed
https://s3-us-gov-west-1.amazonaws.com/cg-d3f0433b-a53e-4934-8b94-c678aa2cbaf3/2007/WV-2007.zip,Unprocessed
https://s3-us-gov-west-1.amazonaws.com/cg-d3f0433b-a53e-4934-8b94-c678aa2cbaf3/2008/WV-2008.zip,Unprocessed
https://s3-us-gov-west-1.amazonaws.com/cg-d3f0433b-a53e-4934-8b94-c678aa2cbaf3/2009/WV-2009.zip,Unprocessed
https://s3-us-gov-west-1.amazonaws.com/cg-d3f0433b-a53e-4934-8b94-c678aa2cbaf3/2010/WV-2010.zip,Unprocessed
https://s3-us-gov-west-1.amazonaws.com/cg-d3f0433b-a53e-4934-8b94-c678aa2cbaf3/2011/WV-2011.zip,Unprocessed
https://s3-us-gov-west-1.amazonaws.com/cg-d3f0433b-a53e-4934-8b94-c678aa2cbaf3/2012/WV-2012.zip,Unprocessed
https://s3-us-gov-west-1.amazonaws.com/cg-d3f0433b-a53e-4934-8b94-c678aa2cbaf3/2013/WV-2013.zip,Unprocessed
https://s3-us-gov-west-1.amazonaws.com/cg-d3f0433b-a53e-4934-8b94-c678aa2cbaf3/2014/WV-2014.zip,Unprocessed
https://s3-us-gov-west-1.amazonaws.com/cg-d3f0433b-a53e-4934-8b94-c678aa2cbaf3/2015/WV-2015.zip,Unprocessed
https://s3-us-gov-west-1.amazonaws.com/cg-d3f0433b-a53e-4934-8b94-c678aa2cbaf3/2016/WV-2016.zip,Unprocessed
https://s3-us-gov-west-1.amazonaws.com/cg-d4b776d0-d898-4153-90c8-8336f86bdfec/2016/WV-2016.zip,Unprocessed
https://s3-us-gov-west-1.amazonaws.com/cg-d4b776d0-d898-4153-90c8-8336f86bdfec/2017/WV-2017.zip,Unprocessed
https://s3-us-gov-west-1.amazonaws.com/cg-d4b776d0-d898-4153-90c8-8336f86bdfec/2018/WV-2018.zip,Unprocessed
https://s3-us-gov-west-1.amazonaws.com/cg-d4b776d0-d898-4153-90c8-8336f86bdfec/2019/WV-2019.zip,Unprocessed
https://s3-us-gov-west-1.amazonaws.com/cg-d3f0433b-a53e-4934-8b94-c678aa2cbaf3/2004/WI-2004.zip,Unprocessed
https://s3-us-gov-west-1.amazonaws.com/cg-d3f0433b-a53e-4934-8b94-c678aa2cbaf3/2005/WI-2005.zip,Unprocessed
https://s3-us-gov-west-1.amazonaws.com/cg-d3f0433b-a53e-4934-8b94-c678aa2cbaf3/2006/WI-2006.zip,Unprocessed
https://s3-us-gov-west-1.amazonaws.com/cg-d3f0433b-a53e-4934-8b94-c678aa2cbaf3/2007/WI-2007.zip,Unprocessed
https://s3-us-gov-west-1.amazonaws.com/cg-d3f0433b-a53e-4934-8b94-c678aa2cbaf3/2008/WI-2008.zip,Unprocessed
https://s3-us-gov-west-1.amazonaws.com/cg-d3f0433b-a53e-4934-8b94-c678aa2cbaf3/2009/WI-2009.zip,Unprocessed
https://s3-us-gov-west-1.amazonaws.com/cg-d3f0433b-a53e-4934-8b94-c678aa2cbaf3/2010/WI-2010.zip,Unprocessed
https://s3-us-gov-west-1.amazonaws.com/cg-d3f0433b-a53e-4934-8b94-c678aa2cbaf3/2011/WI-2011.zip,Unprocessed
https://s3-us-gov-west-1.amazonaws.com/cg-d3f0433b-a53e-4934-8b94-c678aa2cbaf3/2012/WI-2012.zip,Unprocessed
https://s3-us-gov-west-1.amazonaws.com/cg-d3f0433b-a53e-4934-8b94-c678aa2cbaf3/2013/WI-2013.zip,Unprocessed
https://s3-us-gov-west-1.amazonaws.com/cg-d3f0433b-a53e-4934-8b94-c678aa2cbaf3/2014/WI-2014.zip,Unprocessed
https://s3-us-gov-west-1.amazonaws.com/cg-d3f0433b-a53e-4934-8b94-c678aa2cbaf3/2015/WI-2015.zip,Unprocessed
https://s3-us-gov-west-1.amazonaws.com/cg-d3f0433b-a53e-4934-8b94-c678aa2cbaf3/2016/WI-2016.zip,Unprocessed
https://s3-us-gov-west-1.amazonaws.com/cg-d4b776d0-d898-4153-90c8-8336f86bdfec/2016/WI-2016.zip,Unprocessed
https://s3-us-gov-west-1.amazonaws.com/cg-d4b776d0-d898-4153-90c8-8336f86bdfec/2017/WI-2017.zip,Unprocessed
https://s3-us-gov-west-1.amazonaws.com/cg-d4b776d0-d898-4153-90c8-8336f86bdfec/2018/WI-2018.zip,Unprocessed
https://s3-us-gov-west-1.amazonaws.com/cg-d4b776d0-d898-4153-90c8-8336f86bdfec/2019/WI-2019.zip,Unprocessed
https://s3-us-gov-west-1.amazonaws.com/cg-d4b776d0-d898-4153-90c8-8336f86bdfec/2019/WY-2019.zip,Unprocessed
